if [ -z "${PLANTTRACER_CREDENTIALS}" ]; then echo PLANTTRACER_CREDENTIALS is not set; exit 1; fi
venv/bin/python -m pytest --log-cli-level=DEBUG tests/dbreader_test.py
============================= test session starts ==============================
platform darwin -- Python 3.13.3, pytest-8.3.5, pluggy-1.5.0
rootdir: /Users/sbarber/git/Plant-Tracer/webapp
configfile: pytest.ini
plugins: env-1.1.5, mock-3.14.0

----------------------------- live log collection ------------------------------
DEBUG    root:paths.py:16 __file__=/Users/sbarber/git/Plant-Tracer/webapp/deploy/app/paths.py
collected 2 items

tests/dbreader_test.py::test_dbreader PASSED                             [ 50%]
tests/dbreader_test.py::test_db_connection 
-------------------------------- live log call ---------------------------------
DEBUG    root:dbreader_test.py:24 dbreader=<DBMySQLAuth host=localhost database=actions_test user=dbreader_actions_test prefix= debug=None>
INFO     root:dbreader_test.py:30 MySQL Version 8.1.0
INFO     root:dbreader_test.py:31 dbreader: <DBMySQLAuth host=localhost database=actions_test user=dbreader_actions_test prefix= debug=None>
DEBUG    root:dbreader_test.py:35 dbwriter=<DBMySQLAuth host=localhost database=actions_test user=dbreader_actions_test prefix= debug=None>
INFO     root:dbreader_test.py:42 MySQL Version 8.1.0
INFO     root:dbreader_test.py:43 dbwriter: <DBMySQLAuth host=localhost database=actions_test user=dbreader_actions_test prefix= debug=None>
PASSED                                                                   [100%]

============================== 2 passed in 0.19s ===============================
dbreader_test is successful
venv/bin/python -m pytest -v --log-cli-level=DEBUG
============================= test session starts ==============================
platform darwin -- Python 3.13.3, pytest-8.3.5, pluggy-1.5.0 -- /Users/sbarber/git/Plant-Tracer/webapp/venv/bin/python
cachedir: .pytest_cache
rootdir: /Users/sbarber/git/Plant-Tracer/webapp
configfile: pytest.ini
plugins: env-1.1.5, mock-3.14.0
collecting ... 
----------------------------- live log collection ------------------------------
DEBUG    root:paths.py:16 __file__=/Users/sbarber/git/Plant-Tracer/webapp/deploy/app/paths.py
collected 50 items

tests/api/test_handler.py::test_lambda_handler SKIPPED (not working yet) [  2%]
tests/app_test.py::test_version 
-------------------------------- live log call ---------------------------------
INFO     root:bottle_app.py:218 /ver
PASSED                                                                   [  4%]
tests/app_test.py::test_get_float PASSED                                 [  6%]
tests/app_test.py::test_get_bool PASSED                                  [  8%]
tests/app_test.py::test_static_path PASSED                               [ 10%]
tests/app_test.py::test_error SKIPPED (authentication not yet working)   [ 12%]
tests/app_test.py::test_null_api_key SKIPPED (authentication not yet...) [ 14%]
tests/app_test.py::test_templates 
-------------------------------- live log setup --------------------------------
DEBUG    root:db.py:111 create_course({"course_key": "test-78be9b27-a143-4a47-a43a-c876276b", "course_name": "test-test-78be9b27-a143-4a47-a43a-c876276b course name", "max_enrollment": 10, "args": []}) = {"course_id": 829} 
DEBUG    root:db.py:111 register_email({"email": "simsong+admin+test-15af@gmail.com", "course_key": "test-78be9b27-a143-4a47-a43a-c876276b", "name": "Dr. Admin", "args": []}) = {"id": 2444, "name": "Dr. Admin", "email": "simsong+admin+test-15af@gmail.com", "primary_course_id": 829, "created_at": 1746035457, "enabled": 1, "links_sent_without_acknowledgement": 0, "mtime": "2025-04-30 13:50:57", "demo": 0, "user_id": 2444, "course_id": 829} 
DEBUG    root:db.py:111 lookup_user({"email": "simsong+admin+test-15af@gmail.com", "args": []}) = null 
INFO     root:db.py:464 make_course_admin. email=simsong+admin+test-15af@gmail.com user_id=2444
INFO     root:db.py:469 course_id=829
DEBUG    root:db.py:111 make_course_admin({"email": "simsong+admin+test-15af@gmail.com", "course_key": "test-78be9b27-a143-4a47-a43a-c876276b", "args": []}) = {"user_id": 2444, "course_id": 829} 
INFO     root:dbmaint.py:261 generated course_key=test-78be9b27-a143-4a47-a43a-c876276b  admin_email=simsong+admin+test-15af@gmail.com admin_id=2444
DEBUG    root:db.py:111 register_email({"email": "demo+admin+test-c598@gmail.com", "course_key": "test-78be9b27-a143-4a47-a43a-c876276b", "name": "Plant Tracer Demo Account", "demo_user": 1, "args": []}) = {"id": 2445, "name": "Plant Tracer Demo Account", "email": "demo+admin+test-c598@gmail.com", "primary_course_id": 829, "created_at": 1746035457, "enabled": 1, "links_sent_without_acknowledgement": 0, "mtime": "2025-04-30 13:50:57", "demo": 1, "user_id": 2445, "course_id": 829} 
DEBUG    root:db.py:111 lookup_user({"email": "demo+admin+test-c598@gmail.com", "args": []}) = null 
DEBUG    root:db.py:111 make_new_api_key({"email": "demo+admin+test-c598@gmail.com"}) = {"api_key": "*****"} 
DEBUG    root:db.py:111 create_new_movie({"user_id": 2445, "title": "Demo Movie #1", "description": "Track this movie!", "args": []}) = 2881 
DEBUG    root:db.py:672 purge_movie_data movie_id=2881
DEBUG    root:db.py:111 purge_movie_data({"movie_id": 2881, "args": []}) = null 
DEBUG    root:db.py:660 purge_movie_frames movie_id=2881
DEBUG    root:db.py:111 purge_movie_frames({"movie_id": 2881, "args": []}) = null 
DEBUG    root:db.py:687 purge_movie_data movie_id=2881
DEBUG    root:db.py:111 purge_movie_zipfile({"movie_id": 2881, "args": []}) = null 
DEBUG    root:db.py:111 get_movie_metadata({"user_id": 0, "movie_id": 2881, "args": []}) = [{"movie_id": 2881, "title": "Demo Movie #1", "description": "Track this movie!", "created_at": 1746035457, "user_id": 2445, "course_id": 829, "published": 0, "deleted": 0, "date_uploaded": 1746035457, "mtime": "2025-04-30 13:50:57", "version": 1, "fps": null, "width": null, "height": null, "total_frames": null, "total_bytes": null, "status": null, "movie_data_urn": null, "movie_zipfile_urn": null, "tracked_movie_id": null}] 
DEBUG    root:db_object.py:105 make_urn urn=db://object_store/829/2881-049a.mov
INFO     root:db_object.py:187 write_object(db://object_store/829/2881-049a.mov,len=62805)
DEBUG    root:db.py:111 create_new_movie({"user_id": 2445, "title": "Demo Movie #2", "description": "Track this movie!", "args": []}) = 2882 
DEBUG    root:db.py:672 purge_movie_data movie_id=2882
DEBUG    root:db.py:111 purge_movie_data({"movie_id": 2882, "args": []}) = null 
DEBUG    root:db.py:660 purge_movie_frames movie_id=2882
DEBUG    root:db.py:111 purge_movie_frames({"movie_id": 2882, "args": []}) = null 
DEBUG    root:db.py:687 purge_movie_data movie_id=2882
DEBUG    root:db.py:111 purge_movie_zipfile({"movie_id": 2882, "args": []}) = null 
DEBUG    root:db.py:111 get_movie_metadata({"user_id": 0, "movie_id": 2882, "args": []}) = [{"movie_id": 2882, "title": "Demo Movie #2", "description": "Track this movie!", "created_at": 1746035457, "user_id": 2445, "course_id": 829, "published": 0, "deleted": 0, "date_uploaded": 1746035457, "mtime": "2025-04-30 13:50:57", "version": 1, "fps": null, "width": null, "height": null, "total_frames": null, "total_bytes": null, "status": null, "movie_data_urn": null, "movie_zipfile_urn": null, "tracked_movie_id": null}] 
DEBUG    root:db_object.py:105 make_urn urn=db://object_store/829/2882-6277.mov
INFO     root:db_object.py:187 write_object(db://object_store/829/2882-6277.mov,len=235944)
DEBUG    root:db.py:111 create_new_movie({"user_id": 2445, "title": "Demo Movie #3", "description": "Track this movie!", "args": []}) = 2883 
DEBUG    root:db.py:672 purge_movie_data movie_id=2883
DEBUG    root:db.py:111 purge_movie_data({"movie_id": 2883, "args": []}) = null 
DEBUG    root:db.py:660 purge_movie_frames movie_id=2883
DEBUG    root:db.py:111 purge_movie_frames({"movie_id": 2883, "args": []}) = null 
DEBUG    root:db.py:687 purge_movie_data movie_id=2883
DEBUG    root:db.py:111 purge_movie_zipfile({"movie_id": 2883, "args": []}) = null 
DEBUG    root:db.py:111 get_movie_metadata({"user_id": 0, "movie_id": 2883, "args": []}) = [{"movie_id": 2883, "title": "Demo Movie #3", "description": "Track this movie!", "created_at": 1746035457, "user_id": 2445, "course_id": 829, "published": 0, "deleted": 0, "date_uploaded": 1746035457, "mtime": "2025-04-30 13:50:57", "version": 1, "fps": null, "width": null, "height": null, "total_frames": null, "total_bytes": null, "status": null, "movie_data_urn": null, "movie_zipfile_urn": null, "tracked_movie_id": null}] 
DEBUG    root:db_object.py:105 make_urn urn=db://object_store/829/2883-8da9.mov
INFO     root:db_object.py:187 write_object(db://object_store/829/2883-8da9.mov,len=690774)
DEBUG    root:db.py:111 register_email({"email": "simsong+test-2ca6db@gmail.com", "course_key": "test-78be9b27-a143-4a47-a43a-c876276b", "name": "Test User Name", "args": []}) = {"id": 2446, "name": "Test User Name", "email": "simsong+test-2ca6db@gmail.com", "primary_course_id": 829, "created_at": 1746035457, "enabled": 1, "links_sent_without_acknowledgement": 0, "mtime": "2025-04-30 13:50:57", "demo": 0, "user_id": 2446, "course_id": 829} 
INFO     root:user_test.py:98 generated user_email=simsong+test-2ca6db@gmail.com user_id=2446
DEBUG    root:db.py:111 lookup_user({"email": "simsong+test-2ca6db@gmail.com", "args": []}) = null 
DEBUG    root:db.py:111 make_new_api_key({"email": "simsong+test-2ca6db@gmail.com"}) = {"api_key": "*****"} 
-------------------------------- live log call ---------------------------------
DEBUG    root:apikey.py:154 1. page_dict require_auth=False logout=False lookup=True
DEBUG    root:apikey.py:120 api_key from request.cookies cookie_name=api_key-actions_test api_key=None
DEBUG    root:apikey.py:157 get_user_api_key=None
INFO     root:app_test.py:124 with_api_key=False url=/
DEBUG    root:apikey.py:154 1. page_dict require_auth=False logout=False lookup=True
DEBUG    root:apikey.py:120 api_key from request.cookies cookie_name=api_key-actions_test api_key=None
DEBUG    root:apikey.py:157 get_user_api_key=None
INFO     root:app_test.py:124 with_api_key=False url=/about
DEBUG    root:apikey.py:154 1. page_dict require_auth=False logout=False lookup=False
INFO     root:app_test.py:124 with_api_key=False url=/error
DEBUG    root:apikey.py:154 1. page_dict require_auth=True logout=False lookup=True
DEBUG    root:apikey.py:120 api_key from request.cookies cookie_name=api_key-actions_test api_key=None
DEBUG    root:apikey.py:157 get_user_api_key=None
DEBUG    root:apikey.py:159 api_key is None and require_auth is True
INFO     root:app_test.py:124 with_api_key=False url=/audit
DEBUG    root:app_test.py:127 not checking html
DEBUG    root:apikey.py:154 1. page_dict require_auth=True logout=False lookup=True
DEBUG    root:apikey.py:120 api_key from request.cookies cookie_name=api_key-actions_test api_key=None
DEBUG    root:apikey.py:157 get_user_api_key=None
DEBUG    root:apikey.py:159 api_key is None and require_auth is True
INFO     root:app_test.py:124 with_api_key=False url=/list
DEBUG    root:app_test.py:127 not checking html
DEBUG    root:apikey.py:154 1. page_dict require_auth=True logout=False lookup=True
DEBUG    root:apikey.py:120 api_key from request.cookies cookie_name=api_key-actions_test api_key=None
DEBUG    root:apikey.py:157 get_user_api_key=None
DEBUG    root:apikey.py:159 api_key is None and require_auth is True
INFO     root:app_test.py:124 with_api_key=False url=/analyze
DEBUG    root:app_test.py:127 not checking html
INFO     root:app_test.py:124 with_api_key=False url=/debug
DEBUG    root:apikey.py:154 1. page_dict require_auth=False logout=False lookup=True
DEBUG    root:apikey.py:120 api_key from request.cookies cookie_name=api_key-actions_test api_key=None
DEBUG    root:apikey.py:157 get_user_api_key=None
INFO     root:app_test.py:124 with_api_key=False url=/login
DEBUG    root:apikey.py:154 1. page_dict require_auth=False logout=True lookup=True
DEBUG    root:apikey.py:120 api_key from request.cookies cookie_name=api_key-actions_test api_key=None
DEBUG    root:apikey.py:157 get_user_api_key=None
INFO     root:app_test.py:124 with_api_key=False url=/logout
DEBUG    root:apikey.py:154 1. page_dict require_auth=False logout=False lookup=True
DEBUG    root:apikey.py:120 api_key from request.cookies cookie_name=api_key-actions_test api_key=None
DEBUG    root:apikey.py:157 get_user_api_key=None
INFO     root:app_test.py:124 with_api_key=False url=/privacy
INFO     root:app_test.py:124 with_api_key=False url=/register
INFO     root:app_test.py:124 with_api_key=False url=/resend
DEBUG    root:apikey.py:154 1. page_dict require_auth=False logout=False lookup=True
DEBUG    root:apikey.py:120 api_key from request.cookies cookie_name=api_key-actions_test api_key=None
DEBUG    root:apikey.py:157 get_user_api_key=None
INFO     root:app_test.py:124 with_api_key=False url=/tos
DEBUG    root:bottle_app.py:185 /upload require_auth=True
DEBUG    root:apikey.py:154 1. page_dict require_auth=True logout=False lookup=True
DEBUG    root:apikey.py:120 api_key from request.cookies cookie_name=api_key-actions_test api_key=None
DEBUG    root:apikey.py:157 get_user_api_key=None
DEBUG    root:apikey.py:159 api_key is None and require_auth is True
INFO     root:app_test.py:124 with_api_key=False url=/upload
DEBUG    root:app_test.py:127 not checking html
DEBUG    root:apikey.py:154 1. page_dict require_auth=True logout=False lookup=True
DEBUG    root:apikey.py:120 api_key from request.cookies cookie_name=api_key-actions_test api_key=None
DEBUG    root:apikey.py:157 get_user_api_key=None
DEBUG    root:apikey.py:159 api_key is None and require_auth is True
INFO     root:app_test.py:124 with_api_key=False url=/users
DEBUG    root:app_test.py:127 not checking html
DEBUG    root:apikey.py:154 1. page_dict require_auth=False logout=False lookup=True
DEBUG    root:apikey.py:120 api_key from request.cookies cookie_name=api_key-actions_test api_key=e78c81849d2e4696ac74e59e421289b6
DEBUG    root:apikey.py:157 get_user_api_key=e78c81849d2e4696ac74e59e421289b6
DEBUG    root:apikey.py:120 api_key from request.cookies cookie_name=api_key-actions_test api_key=e78c81849d2e4696ac74e59e421289b6
DEBUG    root:db.py:111 validate_api_key({"args": ["e78c81849d2e4696ac74e59e421289b6"]}) = null 
DEBUG    root:db.py:178 validate_api_key(e78c81849d2e4696ac74e59e421289b6)=[OrderedDict({'id': 2446, 'user_id': 2446, 'api_key': 'e78c81849d2e4696ac74e59e421289b6', 'first_used_at': None, 'last_used_at': None, 'created_at': 1746035457, 'use_count': 0, 'enabled': 1, 'mtime': datetime.datetime(2025, 4, 30, 13, 50, 57), 'name': 'Test User Name', 'email': 'simsong+test-2ca6db@gmail.com', 'primary_course_id': 829, 'links_sent_without_acknowledgement': 0, 'demo': 0})] dbreader=<DBMySQLAuth host=localhost database=actions_test user=dbreader_actions_test prefix= debug=None>
DEBUG    root:db.py:111 check_course_admin({"user_id": 2446, "course_id": 829, "args": []}) = false 
INFO     root:app_test.py:124 with_api_key=True url=/
DEBUG    root:apikey.py:154 1. page_dict require_auth=False logout=False lookup=True
DEBUG    root:apikey.py:120 api_key from request.cookies cookie_name=api_key-actions_test api_key=e78c81849d2e4696ac74e59e421289b6
DEBUG    root:apikey.py:157 get_user_api_key=e78c81849d2e4696ac74e59e421289b6
DEBUG    root:apikey.py:120 api_key from request.cookies cookie_name=api_key-actions_test api_key=e78c81849d2e4696ac74e59e421289b6
DEBUG    root:db.py:111 validate_api_key({"args": ["e78c81849d2e4696ac74e59e421289b6"]}) = null 
DEBUG    root:db.py:178 validate_api_key(e78c81849d2e4696ac74e59e421289b6)=[OrderedDict({'id': 2446, 'user_id': 2446, 'api_key': 'e78c81849d2e4696ac74e59e421289b6', 'first_used_at': 1746035457, 'last_used_at': 1746035457, 'created_at': 1746035457, 'use_count': 1, 'enabled': 1, 'mtime': datetime.datetime(2025, 4, 30, 13, 50, 57), 'name': 'Test User Name', 'email': 'simsong+test-2ca6db@gmail.com', 'primary_course_id': 829, 'links_sent_without_acknowledgement': 0, 'demo': 0})] dbreader=<DBMySQLAuth host=localhost database=actions_test user=dbreader_actions_test prefix= debug=None>
DEBUG    root:db.py:111 check_course_admin({"user_id": 2446, "course_id": 829, "args": []}) = false 
INFO     root:app_test.py:124 with_api_key=True url=/about
DEBUG    root:apikey.py:154 1. page_dict require_auth=False logout=False lookup=False
INFO     root:app_test.py:124 with_api_key=True url=/error
DEBUG    root:apikey.py:154 1. page_dict require_auth=True logout=False lookup=True
DEBUG    root:apikey.py:120 api_key from request.cookies cookie_name=api_key-actions_test api_key=e78c81849d2e4696ac74e59e421289b6
DEBUG    root:apikey.py:157 get_user_api_key=e78c81849d2e4696ac74e59e421289b6
DEBUG    root:apikey.py:120 api_key from request.cookies cookie_name=api_key-actions_test api_key=e78c81849d2e4696ac74e59e421289b6
DEBUG    root:db.py:111 validate_api_key({"args": ["e78c81849d2e4696ac74e59e421289b6"]}) = null 
DEBUG    root:db.py:178 validate_api_key(e78c81849d2e4696ac74e59e421289b6)=[OrderedDict({'id': 2446, 'user_id': 2446, 'api_key': 'e78c81849d2e4696ac74e59e421289b6', 'first_used_at': 1746035457, 'last_used_at': 1746035457, 'created_at': 1746035457, 'use_count': 2, 'enabled': 1, 'mtime': datetime.datetime(2025, 4, 30, 13, 50, 57), 'name': 'Test User Name', 'email': 'simsong+test-2ca6db@gmail.com', 'primary_course_id': 829, 'links_sent_without_acknowledgement': 0, 'demo': 0})] dbreader=<DBMySQLAuth host=localhost database=actions_test user=dbreader_actions_test prefix= debug=None>
DEBUG    root:db.py:111 check_course_admin({"user_id": 2446, "course_id": 829, "args": []}) = false 
INFO     root:app_test.py:124 with_api_key=True url=/audit
DEBUG    root:apikey.py:154 1. page_dict require_auth=True logout=False lookup=True
DEBUG    root:apikey.py:120 api_key from request.cookies cookie_name=api_key-actions_test api_key=e78c81849d2e4696ac74e59e421289b6
DEBUG    root:apikey.py:157 get_user_api_key=e78c81849d2e4696ac74e59e421289b6
DEBUG    root:apikey.py:120 api_key from request.cookies cookie_name=api_key-actions_test api_key=e78c81849d2e4696ac74e59e421289b6
DEBUG    root:db.py:111 validate_api_key({"args": ["e78c81849d2e4696ac74e59e421289b6"]}) = null 
DEBUG    root:db.py:178 validate_api_key(e78c81849d2e4696ac74e59e421289b6)=[OrderedDict({'id': 2446, 'user_id': 2446, 'api_key': 'e78c81849d2e4696ac74e59e421289b6', 'first_used_at': 1746035457, 'last_used_at': 1746035457, 'created_at': 1746035457, 'use_count': 3, 'enabled': 1, 'mtime': datetime.datetime(2025, 4, 30, 13, 50, 57), 'name': 'Test User Name', 'email': 'simsong+test-2ca6db@gmail.com', 'primary_course_id': 829, 'links_sent_without_acknowledgement': 0, 'demo': 0})] dbreader=<DBMySQLAuth host=localhost database=actions_test user=dbreader_actions_test prefix= debug=None>
DEBUG    root:db.py:111 check_course_admin({"user_id": 2446, "course_id": 829, "args": []}) = false 
INFO     root:app_test.py:124 with_api_key=True url=/list
DEBUG    root:apikey.py:154 1. page_dict require_auth=True logout=False lookup=True
DEBUG    root:apikey.py:120 api_key from request.cookies cookie_name=api_key-actions_test api_key=e78c81849d2e4696ac74e59e421289b6
DEBUG    root:apikey.py:157 get_user_api_key=e78c81849d2e4696ac74e59e421289b6
DEBUG    root:apikey.py:120 api_key from request.cookies cookie_name=api_key-actions_test api_key=e78c81849d2e4696ac74e59e421289b6
DEBUG    root:db.py:111 validate_api_key({"args": ["e78c81849d2e4696ac74e59e421289b6"]}) = null 
DEBUG    root:db.py:178 validate_api_key(e78c81849d2e4696ac74e59e421289b6)=[OrderedDict({'id': 2446, 'user_id': 2446, 'api_key': 'e78c81849d2e4696ac74e59e421289b6', 'first_used_at': 1746035457, 'last_used_at': 1746035457, 'created_at': 1746035457, 'use_count': 4, 'enabled': 1, 'mtime': datetime.datetime(2025, 4, 30, 13, 50, 57), 'name': 'Test User Name', 'email': 'simsong+test-2ca6db@gmail.com', 'primary_course_id': 829, 'links_sent_without_acknowledgement': 0, 'demo': 0})] dbreader=<DBMySQLAuth host=localhost database=actions_test user=dbreader_actions_test prefix= debug=None>
DEBUG    root:db.py:111 check_course_admin({"user_id": 2446, "course_id": 829, "args": []}) = false 
INFO     root:app_test.py:124 with_api_key=True url=/analyze
INFO     root:app_test.py:124 with_api_key=True url=/debug
DEBUG    root:apikey.py:154 1. page_dict require_auth=False logout=False lookup=True
DEBUG    root:apikey.py:120 api_key from request.cookies cookie_name=api_key-actions_test api_key=e78c81849d2e4696ac74e59e421289b6
DEBUG    root:apikey.py:157 get_user_api_key=e78c81849d2e4696ac74e59e421289b6
DEBUG    root:apikey.py:120 api_key from request.cookies cookie_name=api_key-actions_test api_key=e78c81849d2e4696ac74e59e421289b6
DEBUG    root:db.py:111 validate_api_key({"args": ["e78c81849d2e4696ac74e59e421289b6"]}) = null 
DEBUG    root:db.py:178 validate_api_key(e78c81849d2e4696ac74e59e421289b6)=[OrderedDict({'id': 2446, 'user_id': 2446, 'api_key': 'e78c81849d2e4696ac74e59e421289b6', 'first_used_at': 1746035457, 'last_used_at': 1746035457, 'created_at': 1746035457, 'use_count': 5, 'enabled': 1, 'mtime': datetime.datetime(2025, 4, 30, 13, 50, 57), 'name': 'Test User Name', 'email': 'simsong+test-2ca6db@gmail.com', 'primary_course_id': 829, 'links_sent_without_acknowledgement': 0, 'demo': 0})] dbreader=<DBMySQLAuth host=localhost database=actions_test user=dbreader_actions_test prefix= debug=None>
DEBUG    root:db.py:111 check_course_admin({"user_id": 2446, "course_id": 829, "args": []}) = false 
INFO     root:app_test.py:124 with_api_key=True url=/login
DEBUG    root:apikey.py:154 1. page_dict require_auth=False logout=True lookup=True
DEBUG    root:apikey.py:120 api_key from request.cookies cookie_name=api_key-actions_test api_key=e78c81849d2e4696ac74e59e421289b6
DEBUG    root:apikey.py:157 get_user_api_key=e78c81849d2e4696ac74e59e421289b6
INFO     root:app_test.py:124 with_api_key=True url=/logout
DEBUG    root:apikey.py:154 1. page_dict require_auth=False logout=False lookup=True
DEBUG    root:apikey.py:120 api_key from request.cookies cookie_name=api_key-actions_test api_key=e78c81849d2e4696ac74e59e421289b6
DEBUG    root:apikey.py:157 get_user_api_key=e78c81849d2e4696ac74e59e421289b6
DEBUG    root:apikey.py:120 api_key from request.cookies cookie_name=api_key-actions_test api_key=e78c81849d2e4696ac74e59e421289b6
DEBUG    root:db.py:111 validate_api_key({"args": ["e78c81849d2e4696ac74e59e421289b6"]}) = null 
DEBUG    root:db.py:178 validate_api_key(e78c81849d2e4696ac74e59e421289b6)=[OrderedDict({'id': 2446, 'user_id': 2446, 'api_key': 'e78c81849d2e4696ac74e59e421289b6', 'first_used_at': 1746035457, 'last_used_at': 1746035457, 'created_at': 1746035457, 'use_count': 6, 'enabled': 1, 'mtime': datetime.datetime(2025, 4, 30, 13, 50, 57), 'name': 'Test User Name', 'email': 'simsong+test-2ca6db@gmail.com', 'primary_course_id': 829, 'links_sent_without_acknowledgement': 0, 'demo': 0})] dbreader=<DBMySQLAuth host=localhost database=actions_test user=dbreader_actions_test prefix= debug=None>
DEBUG    root:db.py:111 check_course_admin({"user_id": 2446, "course_id": 829, "args": []}) = false 
INFO     root:app_test.py:124 with_api_key=True url=/privacy
INFO     root:app_test.py:124 with_api_key=True url=/register
INFO     root:app_test.py:124 with_api_key=True url=/resend
DEBUG    root:apikey.py:154 1. page_dict require_auth=False logout=False lookup=True
DEBUG    root:apikey.py:120 api_key from request.cookies cookie_name=api_key-actions_test api_key=e78c81849d2e4696ac74e59e421289b6
DEBUG    root:apikey.py:157 get_user_api_key=e78c81849d2e4696ac74e59e421289b6
DEBUG    root:apikey.py:120 api_key from request.cookies cookie_name=api_key-actions_test api_key=e78c81849d2e4696ac74e59e421289b6
DEBUG    root:db.py:111 validate_api_key({"args": ["e78c81849d2e4696ac74e59e421289b6"]}) = null 
DEBUG    root:db.py:178 validate_api_key(e78c81849d2e4696ac74e59e421289b6)=[OrderedDict({'id': 2446, 'user_id': 2446, 'api_key': 'e78c81849d2e4696ac74e59e421289b6', 'first_used_at': 1746035457, 'last_used_at': 1746035457, 'created_at': 1746035457, 'use_count': 7, 'enabled': 1, 'mtime': datetime.datetime(2025, 4, 30, 13, 50, 57), 'name': 'Test User Name', 'email': 'simsong+test-2ca6db@gmail.com', 'primary_course_id': 829, 'links_sent_without_acknowledgement': 0, 'demo': 0})] dbreader=<DBMySQLAuth host=localhost database=actions_test user=dbreader_actions_test prefix= debug=None>
DEBUG    root:db.py:111 check_course_admin({"user_id": 2446, "course_id": 829, "args": []}) = false 
INFO     root:app_test.py:124 with_api_key=True url=/tos
DEBUG    root:bottle_app.py:185 /upload require_auth=True
DEBUG    root:apikey.py:154 1. page_dict require_auth=True logout=False lookup=True
DEBUG    root:apikey.py:120 api_key from request.cookies cookie_name=api_key-actions_test api_key=e78c81849d2e4696ac74e59e421289b6
DEBUG    root:apikey.py:157 get_user_api_key=e78c81849d2e4696ac74e59e421289b6
DEBUG    root:apikey.py:120 api_key from request.cookies cookie_name=api_key-actions_test api_key=e78c81849d2e4696ac74e59e421289b6
DEBUG    root:db.py:111 validate_api_key({"args": ["e78c81849d2e4696ac74e59e421289b6"]}) = null 
DEBUG    root:db.py:178 validate_api_key(e78c81849d2e4696ac74e59e421289b6)=[OrderedDict({'id': 2446, 'user_id': 2446, 'api_key': 'e78c81849d2e4696ac74e59e421289b6', 'first_used_at': 1746035457, 'last_used_at': 1746035457, 'created_at': 1746035457, 'use_count': 8, 'enabled': 1, 'mtime': datetime.datetime(2025, 4, 30, 13, 50, 57), 'name': 'Test User Name', 'email': 'simsong+test-2ca6db@gmail.com', 'primary_course_id': 829, 'links_sent_without_acknowledgement': 0, 'demo': 0})] dbreader=<DBMySQLAuth host=localhost database=actions_test user=dbreader_actions_test prefix= debug=None>
DEBUG    root:db.py:111 check_course_admin({"user_id": 2446, "course_id": 829, "args": []}) = false 
INFO     root:app_test.py:124 with_api_key=True url=/upload
DEBUG    root:apikey.py:154 1. page_dict require_auth=True logout=False lookup=True
DEBUG    root:apikey.py:120 api_key from request.cookies cookie_name=api_key-actions_test api_key=e78c81849d2e4696ac74e59e421289b6
DEBUG    root:apikey.py:157 get_user_api_key=e78c81849d2e4696ac74e59e421289b6
DEBUG    root:apikey.py:120 api_key from request.cookies cookie_name=api_key-actions_test api_key=e78c81849d2e4696ac74e59e421289b6
DEBUG    root:db.py:111 validate_api_key({"args": ["e78c81849d2e4696ac74e59e421289b6"]}) = null 
DEBUG    root:db.py:178 validate_api_key(e78c81849d2e4696ac74e59e421289b6)=[OrderedDict({'id': 2446, 'user_id': 2446, 'api_key': 'e78c81849d2e4696ac74e59e421289b6', 'first_used_at': 1746035457, 'last_used_at': 1746035457, 'created_at': 1746035457, 'use_count': 9, 'enabled': 1, 'mtime': datetime.datetime(2025, 4, 30, 13, 50, 57), 'name': 'Test User Name', 'email': 'simsong+test-2ca6db@gmail.com', 'primary_course_id': 829, 'links_sent_without_acknowledgement': 0, 'demo': 0})] dbreader=<DBMySQLAuth host=localhost database=actions_test user=dbreader_actions_test prefix= debug=None>
DEBUG    root:db.py:111 check_course_admin({"user_id": 2446, "course_id": 829, "args": []}) = false 
INFO     root:app_test.py:124 with_api_key=True url=/users
PASSED                                                                   [ 16%]
------------------------------ live log teardown -------------------------------
DEBUG    root:db.py:111 delete_api_key({"args": ["e78c81849d2e4696ac74e59e421289b6"]}) = 1 
DEBUG    root:db.py:111 delete_user({"email": "simsong+test-2ca6db@gmail.com", "args": []}) = null 
DEBUG    root:db.py:111 remove_course_admin({"email": "simsong+admin+test-15af@gmail.com", "course_key": "test-78be9b27-a143-4a47-a43a-c876276b", "args": []}) = null 
DEBUG    root:db.py:111 delete_user({"email": "simsong+admin+test-15af@gmail.com", "purge_movies": true, "args": []}) = null 
DEBUG    root:db.py:660 purge_movie_frames movie_id=2881
DEBUG    root:db.py:111 purge_movie_frames({"movie_id": 2881, "callback": "<function null_callback at 0x103b05c60>", "args": []}) = null 
DEBUG    root:db.py:672 purge_movie_data movie_id=2881
INFO     root:db_object.py:207 delete_object(db://object_store/829/2881-049a.mov)
DEBUG    root:db_object.py:209 urn=db://object_store/829/2881-049a.mov o=ParseResult(scheme='db', netloc='object_store', path='/829/2881-049a.mov', params='', query='', fragment='')
DEBUG    root:db.py:111 purge_movie_data({"movie_id": 2881, "callback": "<function null_callback at 0x103b05c60>", "args": []}) = null 
DEBUG    root:db.py:111 purge_movie({"movie_id": 2881, "args": []}) = null 
DEBUG    root:db.py:660 purge_movie_frames movie_id=2882
DEBUG    root:db.py:111 purge_movie_frames({"movie_id": 2882, "callback": "<function null_callback at 0x103b05c60>", "args": []}) = null 
DEBUG    root:db.py:672 purge_movie_data movie_id=2882
INFO     root:db_object.py:207 delete_object(db://object_store/829/2882-6277.mov)
DEBUG    root:db_object.py:209 urn=db://object_store/829/2882-6277.mov o=ParseResult(scheme='db', netloc='object_store', path='/829/2882-6277.mov', params='', query='', fragment='')
DEBUG    root:db.py:111 purge_movie_data({"movie_id": 2882, "callback": "<function null_callback at 0x103b05c60>", "args": []}) = null 
DEBUG    root:db.py:111 purge_movie({"movie_id": 2882, "args": []}) = null 
DEBUG    root:db.py:660 purge_movie_frames movie_id=2883
DEBUG    root:db.py:111 purge_movie_frames({"movie_id": 2883, "callback": "<function null_callback at 0x103b05c60>", "args": []}) = null 
DEBUG    root:db.py:672 purge_movie_data movie_id=2883
INFO     root:db_object.py:207 delete_object(db://object_store/829/2883-8da9.mov)
DEBUG    root:db_object.py:209 urn=db://object_store/829/2883-8da9.mov o=ParseResult(scheme='db', netloc='object_store', path='/829/2883-8da9.mov', params='', query='', fragment='')
DEBUG    root:db.py:111 purge_movie_data({"movie_id": 2883, "callback": "<function null_callback at 0x103b05c60>", "args": []}) = null 
DEBUG    root:db.py:111 purge_movie({"movie_id": 2883, "args": []}) = null 
DEBUG    root:db.py:111 delete_user({"email": "demo+admin+test-c598@gmail.com", "purge_movies": true, "args": []}) = null 
DEBUG    root:db.py:111 delete_course({"course_key": "test-78be9b27-a143-4a47-a43a-c876276b", "args": []}) = 1 

tests/app_test.py::test_api_edit_movie 
-------------------------------- live log setup --------------------------------
DEBUG    root:db.py:111 create_course({"course_key": "test-c7450b0b-04cc-45fd-99b5-19a52911", "course_name": "test-test-c7450b0b-04cc-45fd-99b5-19a52911 course name", "max_enrollment": 10, "args": []}) = {"course_id": 830} 
DEBUG    root:db.py:111 register_email({"email": "simsong+admin+test-d0c3@gmail.com", "course_key": "test-c7450b0b-04cc-45fd-99b5-19a52911", "name": "Dr. Admin", "args": []}) = {"id": 2447, "name": "Dr. Admin", "email": "simsong+admin+test-d0c3@gmail.com", "primary_course_id": 830, "created_at": 1746035457, "enabled": 1, "links_sent_without_acknowledgement": 0, "mtime": "2025-04-30 13:50:57", "demo": 0, "user_id": 2447, "course_id": 830} 
DEBUG    root:db.py:111 lookup_user({"email": "simsong+admin+test-d0c3@gmail.com", "args": []}) = null 
INFO     root:db.py:464 make_course_admin. email=simsong+admin+test-d0c3@gmail.com user_id=2447
INFO     root:db.py:469 course_id=830
DEBUG    root:db.py:111 make_course_admin({"email": "simsong+admin+test-d0c3@gmail.com", "course_key": "test-c7450b0b-04cc-45fd-99b5-19a52911", "args": []}) = {"user_id": 2447, "course_id": 830} 
INFO     root:dbmaint.py:261 generated course_key=test-c7450b0b-04cc-45fd-99b5-19a52911  admin_email=simsong+admin+test-d0c3@gmail.com admin_id=2447
DEBUG    root:db.py:111 register_email({"email": "demo+admin+test-d701@gmail.com", "course_key": "test-c7450b0b-04cc-45fd-99b5-19a52911", "name": "Plant Tracer Demo Account", "demo_user": 1, "args": []}) = {"id": 2448, "name": "Plant Tracer Demo Account", "email": "demo+admin+test-d701@gmail.com", "primary_course_id": 830, "created_at": 1746035457, "enabled": 1, "links_sent_without_acknowledgement": 0, "mtime": "2025-04-30 13:50:57", "demo": 1, "user_id": 2448, "course_id": 830} 
DEBUG    root:db.py:111 lookup_user({"email": "demo+admin+test-d701@gmail.com", "args": []}) = null 
DEBUG    root:db.py:111 make_new_api_key({"email": "demo+admin+test-d701@gmail.com"}) = {"api_key": "*****"} 
DEBUG    root:db.py:111 create_new_movie({"user_id": 2448, "title": "Demo Movie #1", "description": "Track this movie!", "args": []}) = 2884 
DEBUG    root:db.py:672 purge_movie_data movie_id=2884
DEBUG    root:db.py:111 purge_movie_data({"movie_id": 2884, "args": []}) = null 
DEBUG    root:db.py:660 purge_movie_frames movie_id=2884
DEBUG    root:db.py:111 purge_movie_frames({"movie_id": 2884, "args": []}) = null 
DEBUG    root:db.py:687 purge_movie_data movie_id=2884
DEBUG    root:db.py:111 purge_movie_zipfile({"movie_id": 2884, "args": []}) = null 
DEBUG    root:db.py:111 get_movie_metadata({"user_id": 0, "movie_id": 2884, "args": []}) = [{"movie_id": 2884, "title": "Demo Movie #1", "description": "Track this movie!", "created_at": 1746035457, "user_id": 2448, "course_id": 830, "published": 0, "deleted": 0, "date_uploaded": 1746035457, "mtime": "2025-04-30 13:50:57", "version": 1, "fps": null, "width": null, "height": null, "total_frames": null, "total_bytes": null, "status": null, "movie_data_urn": null, "movie_zipfile_urn": null, "tracked_movie_id": null}] 
DEBUG    root:db_object.py:105 make_urn urn=db://object_store/830/2884-b507.mov
INFO     root:db_object.py:187 write_object(db://object_store/830/2884-b507.mov,len=62805)
DEBUG    root:db.py:111 create_new_movie({"user_id": 2448, "title": "Demo Movie #2", "description": "Track this movie!", "args": []}) = 2885 
DEBUG    root:db.py:672 purge_movie_data movie_id=2885
DEBUG    root:db.py:111 purge_movie_data({"movie_id": 2885, "args": []}) = null 
DEBUG    root:db.py:660 purge_movie_frames movie_id=2885
DEBUG    root:db.py:111 purge_movie_frames({"movie_id": 2885, "args": []}) = null 
DEBUG    root:db.py:687 purge_movie_data movie_id=2885
DEBUG    root:db.py:111 purge_movie_zipfile({"movie_id": 2885, "args": []}) = null 
DEBUG    root:db.py:111 get_movie_metadata({"user_id": 0, "movie_id": 2885, "args": []}) = [{"movie_id": 2885, "title": "Demo Movie #2", "description": "Track this movie!", "created_at": 1746035457, "user_id": 2448, "course_id": 830, "published": 0, "deleted": 0, "date_uploaded": 1746035457, "mtime": "2025-04-30 13:50:57", "version": 1, "fps": null, "width": null, "height": null, "total_frames": null, "total_bytes": null, "status": null, "movie_data_urn": null, "movie_zipfile_urn": null, "tracked_movie_id": null}] 
DEBUG    root:db_object.py:105 make_urn urn=db://object_store/830/2885-e22f.mov
INFO     root:db_object.py:187 write_object(db://object_store/830/2885-e22f.mov,len=235944)
DEBUG    root:db.py:111 create_new_movie({"user_id": 2448, "title": "Demo Movie #3", "description": "Track this movie!", "args": []}) = 2886 
DEBUG    root:db.py:672 purge_movie_data movie_id=2886
DEBUG    root:db.py:111 purge_movie_data({"movie_id": 2886, "args": []}) = null 
DEBUG    root:db.py:660 purge_movie_frames movie_id=2886
DEBUG    root:db.py:111 purge_movie_frames({"movie_id": 2886, "args": []}) = null 
DEBUG    root:db.py:687 purge_movie_data movie_id=2886
DEBUG    root:db.py:111 purge_movie_zipfile({"movie_id": 2886, "args": []}) = null 
DEBUG    root:db.py:111 get_movie_metadata({"user_id": 0, "movie_id": 2886, "args": []}) = [{"movie_id": 2886, "title": "Demo Movie #3", "description": "Track this movie!", "created_at": 1746035457, "user_id": 2448, "course_id": 830, "published": 0, "deleted": 0, "date_uploaded": 1746035457, "mtime": "2025-04-30 13:50:57", "version": 1, "fps": null, "width": null, "height": null, "total_frames": null, "total_bytes": null, "status": null, "movie_data_urn": null, "movie_zipfile_urn": null, "tracked_movie_id": null}] 
DEBUG    root:db_object.py:105 make_urn urn=db://object_store/830/2886-8a01.mov
INFO     root:db_object.py:187 write_object(db://object_store/830/2886-8a01.mov,len=690774)
DEBUG    root:db.py:111 register_email({"email": "simsong+test-82a179@gmail.com", "course_key": "test-c7450b0b-04cc-45fd-99b5-19a52911", "name": "Test User Name", "args": []}) = {"id": 2449, "name": "Test User Name", "email": "simsong+test-82a179@gmail.com", "primary_course_id": 830, "created_at": 1746035457, "enabled": 1, "links_sent_without_acknowledgement": 0, "mtime": "2025-04-30 13:50:57", "demo": 0, "user_id": 2449, "course_id": 830} 
INFO     root:user_test.py:98 generated user_email=simsong+test-82a179@gmail.com user_id=2449
DEBUG    root:db.py:111 lookup_user({"email": "simsong+test-82a179@gmail.com", "args": []}) = null 
DEBUG    root:db.py:111 make_new_api_key({"email": "simsong+test-82a179@gmail.com"}) = {"api_key": "*****"} 
DEBUG    root:movie_test.py:74 new_movie fixture: Opening /Users/sbarber/git/Plant-Tracer/webapp/tests/data/2019-07-31 plantmovie.mov
INFO     root:bottle_api.py:241 api_new_movie
DEBUG    root:db.py:111 validate_api_key({"args": ["b1d93181c605472b8b7e7644bffec956invalid"]}) = null 
DEBUG    root:db.py:178 validate_api_key(b1d93181c605472b8b7e7644bffec956invalid)=[] dbreader=<DBMySQLAuth host=localhost database=actions_test user=dbreader_actions_test prefix= debug=None>
INFO     root:apikey.py:137 api_key b1d93181c605472b8b7e7644bffec956invalid is invalid  ipaddr=10.0.0.1 request.url=http://localhost/api/new-movie
DEBUG    root:movie_test.py:87 invalid api_key resp=<WrapperTestResponse streamed [403 FORBIDDEN]>
DEBUG    root:movie_test.py:88 invalid api_key resp.text={"error":true,"message":"api_key 'b1d93181c605472b8b7e7644bffec956invalid' is invalid"}

DEBUG    root:movie_test.py:89 invalid api_key resp.json={'error': True, 'message': "api_key 'b1d93181c605472b8b7e7644bffec956invalid' is invalid"}
INFO     root:bottle_api.py:241 api_new_movie
DEBUG    root:db.py:111 validate_api_key({"args": ["b1d93181c605472b8b7e7644bffec956"]}) = null 
DEBUG    root:db.py:178 validate_api_key(b1d93181c605472b8b7e7644bffec956)=[OrderedDict({'id': 2449, 'user_id': 2449, 'api_key': 'b1d93181c605472b8b7e7644bffec956', 'first_used_at': None, 'last_used_at': None, 'created_at': 1746035457, 'use_count': 0, 'enabled': 1, 'mtime': datetime.datetime(2025, 4, 30, 13, 50, 57), 'name': 'Test User Name', 'email': 'simsong+test-82a179@gmail.com', 'primary_course_id': 830, 'links_sent_without_acknowledgement': 0, 'demo': 0})] dbreader=<DBMySQLAuth host=localhost database=actions_test user=dbreader_actions_test prefix= debug=None>
INFO     root:bottle_api.py:241 api_new_movie
DEBUG    root:db.py:111 validate_api_key({"args": ["b1d93181c605472b8b7e7644bffec956"]}) = null 
DEBUG    root:db.py:178 validate_api_key(b1d93181c605472b8b7e7644bffec956)=[OrderedDict({'id': 2449, 'user_id': 2449, 'api_key': 'b1d93181c605472b8b7e7644bffec956', 'first_used_at': 1746035457, 'last_used_at': 1746035457, 'created_at': 1746035457, 'use_count': 1, 'enabled': 1, 'mtime': datetime.datetime(2025, 4, 30, 13, 50, 57), 'name': 'Test User Name', 'email': 'simsong+test-82a179@gmail.com', 'primary_course_id': 830, 'links_sent_without_acknowledgement': 0, 'demo': 0})] dbreader=<DBMySQLAuth host=localhost database=actions_test user=dbreader_actions_test prefix= debug=None>
DEBUG    root:db.py:111 create_new_movie({"user_id": 2449, "title": "test-movie title 67b25178-1403-4843-8dc6-50d987d5a3dd", "description": "test movie description", "args": []}) = 2887 
DEBUG    root:db.py:111 get_movie_metadata({"user_id": 0, "movie_id": 2887, "args": []}) = [{"movie_id": 2887, "title": "test-movie title 67b25178-1403-4843-8dc6-50d987d5a3dd", "description": "test movie description", "created_at": 1746035457, "user_id": 2449, "course_id": 830, "published": 0, "deleted": 0, "date_uploaded": 1746035457, "mtime": "2025-04-30 13:50:57", "version": 1, "fps": null, "width": null, "height": null, "total_frames": null, "total_bytes": null, "status": null, "movie_data_urn": null, "movie_zipfile_urn": null, "tracked_movie_id": null}] 
DEBUG    root:db_object.py:105 make_urn urn=db://object_store/830/2887-e7dd.mov
DEBUG    root:movie_test.py:112 new_movie fixture: movie_id=2887
DEBUG    root:movie_test.py:119 new_movie fixture: url=/api/upload-movie fields={'key': '830/2887-e7dd.mov', 'mime_type': 'video/mp4', 'scheme': 'db', 'sha256': '2db3aea97ce726b62fca9e83f6766a09e27794b54df6c9828e5c84da81676de4'}
INFO     root:bottle_api.py:278 info
ERROR    root:bottle_api.py:279 error
DEBUG    root:bottle_api.py:283 api_upload_movie: request=<Request 'http://localhost/api/upload-movie' [POST]> request.files=ImmutableMultiDict([('file', <FileStorage: '/Users/sbarber/git/Plant-Tracer/webapp/tests/data/2019-07-31 plantmovie.mov' ('video/quicktime')>)]) 
DEBUG    root:bottle_api.py:290 len(movie_data)=235944
DEBUG    root:db_object.py:105 make_urn urn=db://object_store/830/2887-e7dd.mov
INFO     root:db_object.py:187 write_object(db://object_store/830/2887-e7dd.mov,len=235944)
DEBUG    root:movie_test.py:140 new_movie fixture: movie uploaded
INFO     root:db.py:540 movie_id=2887 zipfile=False what=movie_data_urn urn=db://object_store/830/2887-e7dd.mov
INFO     root:db_object.py:160 read_object(db://object_store/830/2887-e7dd.mov)
DEBUG    root:db_object.py:162 urn=db://object_store/830/2887-e7dd.mov o=ParseResult(scheme='db', netloc='object_store', path='/830/2887-e7dd.mov', params='', query='', fragment='')
DEBUG    root:db.py:111 get_movie_data({"movie_id": 2887, "args": []}) = {"log_size": 833594, "error": true} 
DEBUG    root:movie_test.py:144 new_movie fixture: yield {'course_key': 'test-c7450b0b-04cc-45fd-99b5-19a52911', 'course_name': 'test-test-c7450b0b-04cc-45fd-99b5-19a52911 course name', 'course_id': 830, 'admin_email': 'simsong+admin+test-d0c3@gmail.com', 'admin_id': 2447, 'demo_mail': 'demo+admin+test-d701@gmail.com', 'dbreader': <DBMySQLAuth host=localhost database=actions_test user=dbreader_actions_test prefix= debug=None>, 'dbwriter': <DBMySQLAuth host=localhost database=actions_test user=dbwriter_actions_test prefix= debug=None>, 'api_key': 'b1d93181c605472b8b7e7644bffec956', 'user_email': 'simsong+test-82a179@gmail.com', 'user_id': 2449, 'movie_id': 2887, 'movie_title': 'test-movie title 67b25178-1403-4843-8dc6-50d987d5a3dd'}
-------------------------------- live log call ---------------------------------
DEBUG    root:db.py:111 get_movie_metadata({"user_id": 0, "movie_id": 2887, "args": []}) = [{"movie_id": 2887, "title": "test-movie title 67b25178-1403-4843-8dc6-50d987d5a3dd", "description": "test movie description", "created_at": 1746035457, "user_id": 2449, "course_id": 830, "published": 0, "deleted": 0, "date_uploaded": 1746035457, "mtime": "2025-04-30 13:50:57", "version": 1, "fps": null, "width": null, "height": null, "total_frames": null, "total_bytes": null, "status": null, "movie_data_urn": "db://object_store/830/2887-e7dd.mov", "movie_zipfile_urn": null, "tracked_movie_id": null}] 
DEBUG    root:db.py:1136 metadata=OrderedDict({'movie_id': 2887, 'title': 'test-movie title 67b25178-1403-4843-8dc6-50d987d5a3dd', 'description': 'test movie description', 'created_at': 1746035457, 'user_id': 2449, 'course_id': 830, 'published': 0, 'deleted': 0, 'date_uploaded': 1746035457, 'mtime': datetime.datetime(2025, 4, 30, 13, 50, 57), 'version': 1, 'fps': None, 'width': None, 'height': None, 'total_frames': None, 'total_bytes': None, 'status': None, 'movie_data_urn': 'db://object_store/830/2887-e7dd.mov', 'movie_zipfile_urn': None, 'tracked_movie_id': None})
DEBUG    root:db.py:111 validate_api_key({"args": ["b1d93181c605472b8b7e7644bffec956"]}) = null 
DEBUG    root:db.py:178 validate_api_key(b1d93181c605472b8b7e7644bffec956)=[OrderedDict({'id': 2449, 'user_id': 2449, 'api_key': 'b1d93181c605472b8b7e7644bffec956', 'first_used_at': 1746035457, 'last_used_at': 1746035457, 'created_at': 1746035457, 'use_count': 2, 'enabled': 1, 'mtime': datetime.datetime(2025, 4, 30, 13, 50, 57), 'name': 'Test User Name', 'email': 'simsong+test-82a179@gmail.com', 'primary_course_id': 830, 'links_sent_without_acknowledgement': 0, 'demo': 0})] dbreader=<DBMySQLAuth host=localhost database=actions_test user=dbreader_actions_test prefix= debug=None>
DEBUG    root:db.py:111 can_access_movie({"user_id": 2449, "movie_id": 2887, "args": []}) = true 
DEBUG    root:db.py:111 validate_api_key({"args": ["b1d93181c605472b8b7e7644bffec956"]}) = null 
DEBUG    root:db.py:178 validate_api_key(b1d93181c605472b8b7e7644bffec956)=[OrderedDict({'id': 2449, 'user_id': 2449, 'api_key': 'b1d93181c605472b8b7e7644bffec956', 'first_used_at': 1746035457, 'last_used_at': 1746035457, 'created_at': 1746035457, 'use_count': 3, 'enabled': 1, 'mtime': datetime.datetime(2025, 4, 30, 13, 50, 57), 'name': 'Test User Name', 'email': 'simsong+test-82a179@gmail.com', 'primary_course_id': 830, 'links_sent_without_acknowledgement': 0, 'demo': 0})] dbreader=<DBMySQLAuth host=localhost database=actions_test user=dbreader_actions_test prefix= debug=None>
DEBUG    root:db.py:111 can_access_movie({"user_id": 2449, "movie_id": 2887, "args": []}) = true 
DEBUG    root:db.py:111 validate_api_key({"args": ["b1d93181c605472b8b7e7644bffec956"]}) = null 
DEBUG    root:db.py:178 validate_api_key(b1d93181c605472b8b7e7644bffec956)=[OrderedDict({'id': 2449, 'user_id': 2449, 'api_key': 'b1d93181c605472b8b7e7644bffec956', 'first_used_at': 1746035457, 'last_used_at': 1746035457, 'created_at': 1746035457, 'use_count': 4, 'enabled': 1, 'mtime': datetime.datetime(2025, 4, 30, 13, 50, 57), 'name': 'Test User Name', 'email': 'simsong+test-82a179@gmail.com', 'primary_course_id': 830, 'links_sent_without_acknowledgement': 0, 'demo': 0})] dbreader=<DBMySQLAuth host=localhost database=actions_test user=dbreader_actions_test prefix= debug=None>
DEBUG    root:db.py:111 can_access_movie({"user_id": 2449, "movie_id": 2887, "args": []}) = true 
INFO     root:db.py:540 movie_id=2887 zipfile=False what=movie_data_urn urn=db://object_store/830/2887-e7dd.mov
INFO     root:db_object.py:160 read_object(db://object_store/830/2887-e7dd.mov)
DEBUG    root:db_object.py:162 urn=db://object_store/830/2887-e7dd.mov o=ParseResult(scheme='db', netloc='object_store', path='/830/2887-e7dd.mov', params='', query='', fragment='')
DEBUG    root:db.py:111 get_movie_data({"movie_id": 2887, "args": []}) = {"log_size": 833594, "error": true} 
DEBUG    root:db.py:672 purge_movie_data movie_id=2887
INFO     root:db_object.py:207 delete_object(db://object_store/830/2887-e7dd.mov)
DEBUG    root:db_object.py:209 urn=db://object_store/830/2887-e7dd.mov o=ParseResult(scheme='db', netloc='object_store', path='/830/2887-e7dd.mov', params='', query='', fragment='')
DEBUG    root:db.py:111 purge_movie_data({"movie_id": 2887, "args": []}) = null 
DEBUG    root:db.py:660 purge_movie_frames movie_id=2887
DEBUG    root:db.py:111 purge_movie_frames({"movie_id": 2887, "args": []}) = null 
DEBUG    root:db.py:687 purge_movie_data movie_id=2887
DEBUG    root:db.py:111 purge_movie_zipfile({"movie_id": 2887, "args": []}) = null 
DEBUG    root:db_object.py:105 make_urn urn=db://object_store/830/2887-3e92.mov
INFO     root:db_object.py:187 write_object(db://object_store/830/2887-3e92.mov,len=62859)
DEBUG    root:db.py:111 get_movie_metadata({"user_id": 0, "movie_id": 2887, "args": []}) = [{"movie_id": 2887, "title": "test-movie title 67b25178-1403-4843-8dc6-50d987d5a3dd", "description": "test movie description", "created_at": 1746035457, "user_id": 2449, "course_id": 830, "published": 0, "deleted": 0, "date_uploaded": 1746035457, "mtime": "2025-04-30 13:50:58", "version": 1, "fps": null, "width": null, "height": null, "total_frames": null, "total_bytes": null, "status": null, "movie_data_urn": "db://object_store/830/2887-3e92.mov", "movie_zipfile_urn": null, "tracked_movie_id": null}] 
DEBUG    root:db.py:1136 metadata=OrderedDict({'movie_id': 2887, 'title': 'test-movie title 67b25178-1403-4843-8dc6-50d987d5a3dd', 'description': 'test movie description', 'created_at': 1746035457, 'user_id': 2449, 'course_id': 830, 'published': 0, 'deleted': 0, 'date_uploaded': 1746035457, 'mtime': datetime.datetime(2025, 4, 30, 13, 50, 58), 'version': 1, 'fps': None, 'width': None, 'height': None, 'total_frames': None, 'total_bytes': None, 'status': None, 'movie_data_urn': 'db://object_store/830/2887-3e92.mov', 'movie_zipfile_urn': None, 'tracked_movie_id': None})
INFO     root:db.py:1025 set_user_id=None set_movie_id=2887 prop=version value=2
DEBUG    root:db.py:111 set_metadata({"user_id": 0, "set_movie_id": 2887, "prop": "version", "value": 2, "args": []}) = 1 
INFO     root:db.py:1025 set_user_id=None set_movie_id=2887 prop=fps value=20.0
DEBUG    root:db.py:111 set_metadata({"user_id": 2449, "set_movie_id": 2887, "prop": "fps", "value": 20.0, "args": []}) = 1 
INFO     root:db.py:1025 set_user_id=None set_movie_id=2887 prop=width value=360
DEBUG    root:db.py:111 set_metadata({"user_id": 2449, "set_movie_id": 2887, "prop": "width", "value": 360, "args": []}) = 1 
INFO     root:db.py:1025 set_user_id=None set_movie_id=2887 prop=height value=480
DEBUG    root:db.py:111 set_metadata({"user_id": 2449, "set_movie_id": 2887, "prop": "height", "value": 480, "args": []}) = 1 
INFO     root:db.py:1025 set_user_id=None set_movie_id=2887 prop=total_frames value=54
DEBUG    root:db.py:111 set_metadata({"user_id": 2449, "set_movie_id": 2887, "prop": "total_frames", "value": 54, "args": []}) = 1 
INFO     root:db.py:1025 set_user_id=None set_movie_id=2887 prop=total_bytes value=62859
DEBUG    root:db.py:111 set_metadata({"user_id": 2449, "set_movie_id": 2887, "prop": "total_bytes", "value": 62859, "args": []}) = 1 
DEBUG    root:db.py:111 get_movie_metadata({"user_id": 0, "movie_id": 2887, "args": []}) = [{"movie_id": 2887, "title": "test-movie title 67b25178-1403-4843-8dc6-50d987d5a3dd", "description": "test movie description", "created_at": 1746035457, "user_id": 2449, "course_id": 830, "published": 0, "deleted": 0, "date_uploaded": 1746035457, "mtime": "2025-04-30 13:50:58", "version": 2, "fps": "20.00", "width": 360, "height": 480, "total_frames": 54, "total_bytes": 62859, "status": null, "movie_data_urn": "db://object_store/830/2887-3e92.mov", "movie_zipfile_urn": null, "tracked_movie_id": null}] 
DEBUG    root:db.py:1136 metadata=OrderedDict({'movie_id': 2887, 'title': 'test-movie title 67b25178-1403-4843-8dc6-50d987d5a3dd', 'description': 'test movie description', 'created_at': 1746035457, 'user_id': 2449, 'course_id': 830, 'published': 0, 'deleted': 0, 'date_uploaded': 1746035457, 'mtime': datetime.datetime(2025, 4, 30, 13, 50, 58), 'version': 2, 'fps': Decimal('20.00'), 'width': 360, 'height': 480, 'total_frames': 54, 'total_bytes': 62859, 'status': None, 'movie_data_urn': 'db://object_store/830/2887-3e92.mov', 'movie_zipfile_urn': None, 'tracked_movie_id': None})
PASSED                                                                   [ 18%]
------------------------------ live log teardown -------------------------------
DEBUG    root:movie_test.py:147 new_movie fixture: Delete the movie we uploaded
DEBUG    root:db.py:111 validate_api_key({"args": ["b1d93181c605472b8b7e7644bffec956"]}) = null 
DEBUG    root:db.py:178 validate_api_key(b1d93181c605472b8b7e7644bffec956)=[OrderedDict({'id': 2449, 'user_id': 2449, 'api_key': 'b1d93181c605472b8b7e7644bffec956', 'first_used_at': 1746035457, 'last_used_at': 1746035457, 'created_at': 1746035457, 'use_count': 5, 'enabled': 1, 'mtime': datetime.datetime(2025, 4, 30, 13, 50, 57), 'name': 'Test User Name', 'email': 'simsong+test-82a179@gmail.com', 'primary_course_id': 830, 'links_sent_without_acknowledgement': 0, 'demo': 0})] dbreader=<DBMySQLAuth host=localhost database=actions_test user=dbreader_actions_test prefix= debug=None>
DEBUG    root:db.py:111 can_access_movie({"user_id": 2449, "movie_id": 2887, "args": []}) = true 
DEBUG    root:db.py:111 delete_movie({"movie_id": 2887, "delete": true, "args": []}) = null 
DEBUG    root:movie_test.py:154 new_movie fixture: Purge the movie that we have deleted
DEBUG    root:db.py:660 purge_movie_frames movie_id=2887
DEBUG    root:db.py:111 purge_movie_frames({"movie_id": 2887, "callback": "<function null_callback at 0x103b05c60>", "args": []}) = null 
DEBUG    root:db.py:672 purge_movie_data movie_id=2887
INFO     root:db_object.py:207 delete_object(db://object_store/830/2887-3e92.mov)
DEBUG    root:db_object.py:209 urn=db://object_store/830/2887-3e92.mov o=ParseResult(scheme='db', netloc='object_store', path='/830/2887-3e92.mov', params='', query='', fragment='')
DEBUG    root:db.py:111 purge_movie_data({"movie_id": 2887, "callback": "<function null_callback at 0x103b05c60>", "args": []}) = null 
DEBUG    root:db.py:111 purge_movie({"movie_id": 2887, "args": []}) = null 
DEBUG    root:movie_test.py:156 new_movie fixture: done
DEBUG    root:db.py:111 delete_api_key({"args": ["b1d93181c605472b8b7e7644bffec956"]}) = 1 
DEBUG    root:db.py:111 delete_user({"email": "simsong+test-82a179@gmail.com", "args": []}) = null 
DEBUG    root:db.py:111 remove_course_admin({"email": "simsong+admin+test-d0c3@gmail.com", "course_key": "test-c7450b0b-04cc-45fd-99b5-19a52911", "args": []}) = null 
DEBUG    root:db.py:111 delete_user({"email": "simsong+admin+test-d0c3@gmail.com", "purge_movies": true, "args": []}) = null 
DEBUG    root:db.py:660 purge_movie_frames movie_id=2884
DEBUG    root:db.py:111 purge_movie_frames({"movie_id": 2884, "callback": "<function null_callback at 0x103b05c60>", "args": []}) = null 
DEBUG    root:db.py:672 purge_movie_data movie_id=2884
INFO     root:db_object.py:207 delete_object(db://object_store/830/2884-b507.mov)
DEBUG    root:db_object.py:209 urn=db://object_store/830/2884-b507.mov o=ParseResult(scheme='db', netloc='object_store', path='/830/2884-b507.mov', params='', query='', fragment='')
DEBUG    root:db.py:111 purge_movie_data({"movie_id": 2884, "callback": "<function null_callback at 0x103b05c60>", "args": []}) = null 
DEBUG    root:db.py:111 purge_movie({"movie_id": 2884, "args": []}) = null 
DEBUG    root:db.py:660 purge_movie_frames movie_id=2885
DEBUG    root:db.py:111 purge_movie_frames({"movie_id": 2885, "callback": "<function null_callback at 0x103b05c60>", "args": []}) = null 
DEBUG    root:db.py:672 purge_movie_data movie_id=2885
INFO     root:db_object.py:207 delete_object(db://object_store/830/2885-e22f.mov)
DEBUG    root:db_object.py:209 urn=db://object_store/830/2885-e22f.mov o=ParseResult(scheme='db', netloc='object_store', path='/830/2885-e22f.mov', params='', query='', fragment='')
DEBUG    root:db.py:111 purge_movie_data({"movie_id": 2885, "callback": "<function null_callback at 0x103b05c60>", "args": []}) = null 
DEBUG    root:db.py:111 purge_movie({"movie_id": 2885, "args": []}) = null 
DEBUG    root:db.py:660 purge_movie_frames movie_id=2886
DEBUG    root:db.py:111 purge_movie_frames({"movie_id": 2886, "callback": "<function null_callback at 0x103b05c60>", "args": []}) = null 
DEBUG    root:db.py:672 purge_movie_data movie_id=2886
INFO     root:db_object.py:207 delete_object(db://object_store/830/2886-8a01.mov)
DEBUG    root:db_object.py:209 urn=db://object_store/830/2886-8a01.mov o=ParseResult(scheme='db', netloc='object_store', path='/830/2886-8a01.mov', params='', query='', fragment='')
DEBUG    root:db.py:111 purge_movie_data({"movie_id": 2886, "callback": "<function null_callback at 0x103b05c60>", "args": []}) = null 
DEBUG    root:db.py:111 purge_movie({"movie_id": 2886, "args": []}) = null 
DEBUG    root:db.py:111 delete_user({"email": "demo+admin+test-d701@gmail.com", "purge_movies": true, "args": []}) = null 
DEBUG    root:db.py:111 delete_course({"course_key": "test-c7450b0b-04cc-45fd-99b5-19a52911", "args": []}) = 1 

tests/db_object_test.py::test_object_name PASSED                         [ 20%]
tests/db_object_test.py::test_make_urn 
-------------------------------- live log call ---------------------------------
INFO     root:db_object_test.py:34 Saved S3 bucket=None
DEBUG    root:db_object.py:105 make_urn urn=db://object_store/1/2-8e30.txt
PASSED                                                                   [ 22%]
tests/db_object_test.py::test_write_read_delete_object 
-------------------------------- live log call ---------------------------------
INFO     root:db_object_test.py:40 Saved S3 bucket=None
DEBUG    root:db_object_test.py:41 dbwriter: <DBMySQLAuth host=localhost database=actions_test user=dbwriter_actions_test prefix= debug=None>
DEBUG    root:db_object.py:105 make_urn urn=db://object_store/1/3-6854.txt
INFO     root:db_object.py:187 write_object(db://object_store/1/3-6854.txt,len=36)
WARNING  root:dbfile.py:550 quiet:True debug: True cmd: SELECT * from object_store where sha256=%s  vals: ('e8a36f0d1f56261a314212a699c4898c0de1468ec0b9fa1d8ba3a29b23058dbc',)
WARNING  root:dbfile.py:552 EXPLAIN:
WARNING  root:dbfile.py:553 SELECT * from object_store where sha256='e8a36f0d1f56261a314212a699c4898c0de1468ec0b9fa1d8ba3a29b23058dbc'
WARNING  root:dbfile.py:572 TIME TO EXECUTE: 0.0001239776611328125
WARNING  root:dbfile.py:618  result=[{"id": 3191, "sha256": "e8a36f0d1f56261a314212a699c4898c0de1468ec0b9fa1d8ba3a29b23058dbc", "data": "b'ee84dbb7-adb1-4725-bba9-464efc9c8f6d'"}]
WARNING  root:dbfile.py:550 quiet:True debug: True cmd: SELECT * from objects where sha256=%s  vals: ('e8a36f0d1f56261a314212a699c4898c0de1468ec0b9fa1d8ba3a29b23058dbc',)
WARNING  root:dbfile.py:552 EXPLAIN:
WARNING  root:dbfile.py:553 SELECT * from objects where sha256='e8a36f0d1f56261a314212a699c4898c0de1468ec0b9fa1d8ba3a29b23058dbc'
WARNING  root:dbfile.py:572 TIME TO EXECUTE: 0.000102996826171875
WARNING  root:dbfile.py:618  result=[{"id": 3191, "sha256": "e8a36f0d1f56261a314212a699c4898c0de1468ec0b9fa1d8ba3a29b23058dbc", "mtime": "2025-04-30 13:50:58", "urn": "db://object_store/1/3-6854.txt"}]
INFO     root:db_object.py:160 read_object(db://object_store/1/3-6854.txt)
DEBUG    root:db_object.py:162 urn=db://object_store/1/3-6854.txt o=ParseResult(scheme='db', netloc='object_store', path='/1/3-6854.txt', params='', query='', fragment='')
INFO     root:db_object.py:207 delete_object(db://object_store/1/3-6854.txt)
DEBUG    root:db_object.py:209 urn=db://object_store/1/3-6854.txt o=ParseResult(scheme='db', netloc='object_store', path='/1/3-6854.txt', params='', query='', fragment='')
INFO     root:db_object.py:160 read_object(db://object_store/1/3-6854.txt)
DEBUG    root:db_object.py:162 urn=db://object_store/1/3-6854.txt o=ParseResult(scheme='db', netloc='object_store', path='/1/3-6854.txt', params='', query='', fragment='')
PASSED                                                                   [ 24%]
tests/dbreader_test.py::test_dbreader PASSED                             [ 26%]
tests/dbreader_test.py::test_db_connection 
-------------------------------- live log call ---------------------------------
DEBUG    root:dbreader_test.py:24 dbreader=<DBMySQLAuth host=localhost database=actions_test user=dbreader_actions_test prefix= debug=None>
INFO     root:dbreader_test.py:30 MySQL Version 8.1.0
INFO     root:dbreader_test.py:31 dbreader: <DBMySQLAuth host=localhost database=actions_test user=dbreader_actions_test prefix= debug=None>
DEBUG    root:dbreader_test.py:35 dbwriter=<DBMySQLAuth host=localhost database=actions_test user=dbreader_actions_test prefix= debug=None>
INFO     root:dbreader_test.py:42 MySQL Version 8.1.0
INFO     root:dbreader_test.py:43 dbwriter: <DBMySQLAuth host=localhost database=actions_test user=dbreader_actions_test prefix= debug=None>
PASSED                                                                   [ 28%]
tests/endpoint_test.py::test_ver1 
-------------------------------- live log call ---------------------------------
INFO     root:bottle_app.py:218 /ver
PASSED                                                                   [ 30%]
tests/endpoint_test.py::test_ver2 
-------------------------------- live log call ---------------------------------
ERROR    app.bottle_app:bottle_api.py:607 api_ver
PASSED                                                                   [ 32%]
tests/endpoint_test.py::test_add PASSED                                  [ 34%]
tests/endpoint_test.py::test_api_key 
-------------------------------- live log setup --------------------------------
DEBUG    root:db.py:111 create_course({"course_key": "test-f6c20cc4-e7a8-467c-9978-201c7d6f", "course_name": "test-test-f6c20cc4-e7a8-467c-9978-201c7d6f course name", "max_enrollment": 10, "args": []}) = {"course_id": 831} 
DEBUG    root:db.py:111 register_email({"email": "simsong+admin+test-87f3@gmail.com", "course_key": "test-f6c20cc4-e7a8-467c-9978-201c7d6f", "name": "Dr. Admin", "args": []}) = {"id": 2450, "name": "Dr. Admin", "email": "simsong+admin+test-87f3@gmail.com", "primary_course_id": 831, "created_at": 1746035458, "enabled": 1, "links_sent_without_acknowledgement": 0, "mtime": "2025-04-30 13:50:58", "demo": 0, "user_id": 2450, "course_id": 831} 
DEBUG    root:db.py:111 lookup_user({"email": "simsong+admin+test-87f3@gmail.com", "args": []}) = null 
INFO     root:db.py:464 make_course_admin. email=simsong+admin+test-87f3@gmail.com user_id=2450
INFO     root:db.py:469 course_id=831
DEBUG    root:db.py:111 make_course_admin({"email": "simsong+admin+test-87f3@gmail.com", "course_key": "test-f6c20cc4-e7a8-467c-9978-201c7d6f", "args": []}) = {"user_id": 2450, "course_id": 831} 
INFO     root:dbmaint.py:261 generated course_key=test-f6c20cc4-e7a8-467c-9978-201c7d6f  admin_email=simsong+admin+test-87f3@gmail.com admin_id=2450
DEBUG    root:db.py:111 register_email({"email": "demo+admin+test-d5e3@gmail.com", "course_key": "test-f6c20cc4-e7a8-467c-9978-201c7d6f", "name": "Plant Tracer Demo Account", "demo_user": 1, "args": []}) = {"id": 2451, "name": "Plant Tracer Demo Account", "email": "demo+admin+test-d5e3@gmail.com", "primary_course_id": 831, "created_at": 1746035458, "enabled": 1, "links_sent_without_acknowledgement": 0, "mtime": "2025-04-30 13:50:58", "demo": 1, "user_id": 2451, "course_id": 831} 
DEBUG    root:db.py:111 lookup_user({"email": "demo+admin+test-d5e3@gmail.com", "args": []}) = null 
DEBUG    root:db.py:111 make_new_api_key({"email": "demo+admin+test-d5e3@gmail.com"}) = {"api_key": "*****"} 
DEBUG    root:db.py:111 create_new_movie({"user_id": 2451, "title": "Demo Movie #1", "description": "Track this movie!", "args": []}) = 2888 
DEBUG    root:db.py:672 purge_movie_data movie_id=2888
DEBUG    root:db.py:111 purge_movie_data({"movie_id": 2888, "args": []}) = null 
DEBUG    root:db.py:660 purge_movie_frames movie_id=2888
DEBUG    root:db.py:111 purge_movie_frames({"movie_id": 2888, "args": []}) = null 
DEBUG    root:db.py:687 purge_movie_data movie_id=2888
DEBUG    root:db.py:111 purge_movie_zipfile({"movie_id": 2888, "args": []}) = null 
DEBUG    root:db.py:111 get_movie_metadata({"user_id": 0, "movie_id": 2888, "args": []}) = [{"movie_id": 2888, "title": "Demo Movie #1", "description": "Track this movie!", "created_at": 1746035458, "user_id": 2451, "course_id": 831, "published": 0, "deleted": 0, "date_uploaded": 1746035458, "mtime": "2025-04-30 13:50:58", "version": 1, "fps": null, "width": null, "height": null, "total_frames": null, "total_bytes": null, "status": null, "movie_data_urn": null, "movie_zipfile_urn": null, "tracked_movie_id": null}] 
DEBUG    root:db_object.py:105 make_urn urn=db://object_store/831/2888-d05b.mov
INFO     root:db_object.py:187 write_object(db://object_store/831/2888-d05b.mov,len=62805)
DEBUG    root:db.py:111 create_new_movie({"user_id": 2451, "title": "Demo Movie #2", "description": "Track this movie!", "args": []}) = 2889 
DEBUG    root:db.py:672 purge_movie_data movie_id=2889
DEBUG    root:db.py:111 purge_movie_data({"movie_id": 2889, "args": []}) = null 
DEBUG    root:db.py:660 purge_movie_frames movie_id=2889
DEBUG    root:db.py:111 purge_movie_frames({"movie_id": 2889, "args": []}) = null 
DEBUG    root:db.py:687 purge_movie_data movie_id=2889
DEBUG    root:db.py:111 purge_movie_zipfile({"movie_id": 2889, "args": []}) = null 
DEBUG    root:db.py:111 get_movie_metadata({"user_id": 0, "movie_id": 2889, "args": []}) = [{"movie_id": 2889, "title": "Demo Movie #2", "description": "Track this movie!", "created_at": 1746035458, "user_id": 2451, "course_id": 831, "published": 0, "deleted": 0, "date_uploaded": 1746035458, "mtime": "2025-04-30 13:50:58", "version": 1, "fps": null, "width": null, "height": null, "total_frames": null, "total_bytes": null, "status": null, "movie_data_urn": null, "movie_zipfile_urn": null, "tracked_movie_id": null}] 
DEBUG    root:db_object.py:105 make_urn urn=db://object_store/831/2889-df19.mov
INFO     root:db_object.py:187 write_object(db://object_store/831/2889-df19.mov,len=235944)
DEBUG    root:db.py:111 create_new_movie({"user_id": 2451, "title": "Demo Movie #3", "description": "Track this movie!", "args": []}) = 2890 
DEBUG    root:db.py:672 purge_movie_data movie_id=2890
DEBUG    root:db.py:111 purge_movie_data({"movie_id": 2890, "args": []}) = null 
DEBUG    root:db.py:660 purge_movie_frames movie_id=2890
DEBUG    root:db.py:111 purge_movie_frames({"movie_id": 2890, "args": []}) = null 
DEBUG    root:db.py:687 purge_movie_data movie_id=2890
DEBUG    root:db.py:111 purge_movie_zipfile({"movie_id": 2890, "args": []}) = null 
DEBUG    root:db.py:111 get_movie_metadata({"user_id": 0, "movie_id": 2890, "args": []}) = [{"movie_id": 2890, "title": "Demo Movie #3", "description": "Track this movie!", "created_at": 1746035458, "user_id": 2451, "course_id": 831, "published": 0, "deleted": 0, "date_uploaded": 1746035458, "mtime": "2025-04-30 13:50:58", "version": 1, "fps": null, "width": null, "height": null, "total_frames": null, "total_bytes": null, "status": null, "movie_data_urn": null, "movie_zipfile_urn": null, "tracked_movie_id": null}] 
DEBUG    root:db_object.py:105 make_urn urn=db://object_store/831/2890-c30b.mov
INFO     root:db_object.py:187 write_object(db://object_store/831/2890-c30b.mov,len=690774)
DEBUG    root:db.py:111 register_email({"email": "simsong+test-3f5753@gmail.com", "course_key": "test-f6c20cc4-e7a8-467c-9978-201c7d6f", "name": "Test User Name", "args": []}) = {"id": 2452, "name": "Test User Name", "email": "simsong+test-3f5753@gmail.com", "primary_course_id": 831, "created_at": 1746035458, "enabled": 1, "links_sent_without_acknowledgement": 0, "mtime": "2025-04-30 13:50:58", "demo": 0, "user_id": 2452, "course_id": 831} 
INFO     root:user_test.py:98 generated user_email=simsong+test-3f5753@gmail.com user_id=2452
DEBUG    root:db.py:111 lookup_user({"email": "simsong+test-3f5753@gmail.com", "args": []}) = null 
DEBUG    root:db.py:111 make_new_api_key({"email": "simsong+test-3f5753@gmail.com"}) = {"api_key": "*****"} 
-------------------------------- live log call ---------------------------------
DEBUG    root:db.py:111 validate_api_key({"args": ["403f5d11ddb742cfb8c8449938418090"]}) = null 
DEBUG    root:db.py:178 validate_api_key(403f5d11ddb742cfb8c8449938418090)=[OrderedDict({'id': 2452, 'user_id': 2452, 'api_key': '403f5d11ddb742cfb8c8449938418090', 'first_used_at': None, 'last_used_at': None, 'created_at': 1746035458, 'use_count': 0, 'enabled': 1, 'mtime': datetime.datetime(2025, 4, 30, 13, 50, 58), 'name': 'Test User Name', 'email': 'simsong+test-3f5753@gmail.com', 'primary_course_id': 831, 'links_sent_without_acknowledgement': 0, 'demo': 0})] dbreader=<DBMySQLAuth host=localhost database=actions_test user=dbreader_actions_test prefix= debug=None>
DEBUG    root:db.py:111 validate_api_key({"args": ["invalid"]}) = null 
DEBUG    root:db.py:178 validate_api_key(invalid)=[] dbreader=<DBMySQLAuth host=localhost database=actions_test user=dbreader_actions_test prefix= debug=None>
PASSED                                                                   [ 36%]
------------------------------ live log teardown -------------------------------
DEBUG    root:db.py:111 delete_api_key({"args": ["403f5d11ddb742cfb8c8449938418090"]}) = 1 
DEBUG    root:db.py:111 delete_user({"email": "simsong+test-3f5753@gmail.com", "args": []}) = null 
DEBUG    root:db.py:111 remove_course_admin({"email": "simsong+admin+test-87f3@gmail.com", "course_key": "test-f6c20cc4-e7a8-467c-9978-201c7d6f", "args": []}) = null 
DEBUG    root:db.py:111 delete_user({"email": "simsong+admin+test-87f3@gmail.com", "purge_movies": true, "args": []}) = null 
DEBUG    root:db.py:660 purge_movie_frames movie_id=2888
DEBUG    root:db.py:111 purge_movie_frames({"movie_id": 2888, "callback": "<function null_callback at 0x103b05c60>", "args": []}) = null 
DEBUG    root:db.py:672 purge_movie_data movie_id=2888
INFO     root:db_object.py:207 delete_object(db://object_store/831/2888-d05b.mov)
DEBUG    root:db_object.py:209 urn=db://object_store/831/2888-d05b.mov o=ParseResult(scheme='db', netloc='object_store', path='/831/2888-d05b.mov', params='', query='', fragment='')
DEBUG    root:db.py:111 purge_movie_data({"movie_id": 2888, "callback": "<function null_callback at 0x103b05c60>", "args": []}) = null 
DEBUG    root:db.py:111 purge_movie({"movie_id": 2888, "args": []}) = null 
DEBUG    root:db.py:660 purge_movie_frames movie_id=2889
DEBUG    root:db.py:111 purge_movie_frames({"movie_id": 2889, "callback": "<function null_callback at 0x103b05c60>", "args": []}) = null 
DEBUG    root:db.py:672 purge_movie_data movie_id=2889
INFO     root:db_object.py:207 delete_object(db://object_store/831/2889-df19.mov)
DEBUG    root:db_object.py:209 urn=db://object_store/831/2889-df19.mov o=ParseResult(scheme='db', netloc='object_store', path='/831/2889-df19.mov', params='', query='', fragment='')
DEBUG    root:db.py:111 purge_movie_data({"movie_id": 2889, "callback": "<function null_callback at 0x103b05c60>", "args": []}) = null 
DEBUG    root:db.py:111 purge_movie({"movie_id": 2889, "args": []}) = null 
DEBUG    root:db.py:660 purge_movie_frames movie_id=2890
DEBUG    root:db.py:111 purge_movie_frames({"movie_id": 2890, "callback": "<function null_callback at 0x103b05c60>", "args": []}) = null 
DEBUG    root:db.py:672 purge_movie_data movie_id=2890
INFO     root:db_object.py:207 delete_object(db://object_store/831/2890-c30b.mov)
DEBUG    root:db_object.py:209 urn=db://object_store/831/2890-c30b.mov o=ParseResult(scheme='db', netloc='object_store', path='/831/2890-c30b.mov', params='', query='', fragment='')
DEBUG    root:db.py:111 purge_movie_data({"movie_id": 2890, "callback": "<function null_callback at 0x103b05c60>", "args": []}) = null 
DEBUG    root:db.py:111 purge_movie({"movie_id": 2890, "args": []}) = null 
DEBUG    root:db.py:111 delete_user({"email": "demo+admin+test-d5e3@gmail.com", "purge_movies": true, "args": []}) = null 
DEBUG    root:db.py:111 delete_course({"course_key": "test-f6c20cc4-e7a8-467c-9978-201c7d6f", "args": []}) = 1 

tests/endpoint_test.py::test_api_get_logs 
-------------------------------- live log setup --------------------------------
DEBUG    root:db.py:111 create_course({"course_key": "test-febf6671-96f0-4014-91f4-dbad2920", "course_name": "test-test-febf6671-96f0-4014-91f4-dbad2920 course name", "max_enrollment": 10, "args": []}) = {"course_id": 832} 
DEBUG    root:db.py:111 register_email({"email": "simsong+admin+test-5eb2@gmail.com", "course_key": "test-febf6671-96f0-4014-91f4-dbad2920", "name": "Dr. Admin", "args": []}) = {"id": 2453, "name": "Dr. Admin", "email": "simsong+admin+test-5eb2@gmail.com", "primary_course_id": 832, "created_at": 1746035458, "enabled": 1, "links_sent_without_acknowledgement": 0, "mtime": "2025-04-30 13:50:58", "demo": 0, "user_id": 2453, "course_id": 832} 
DEBUG    root:db.py:111 lookup_user({"email": "simsong+admin+test-5eb2@gmail.com", "args": []}) = null 
INFO     root:db.py:464 make_course_admin. email=simsong+admin+test-5eb2@gmail.com user_id=2453
INFO     root:db.py:469 course_id=832
DEBUG    root:db.py:111 make_course_admin({"email": "simsong+admin+test-5eb2@gmail.com", "course_key": "test-febf6671-96f0-4014-91f4-dbad2920", "args": []}) = {"user_id": 2453, "course_id": 832} 
INFO     root:dbmaint.py:261 generated course_key=test-febf6671-96f0-4014-91f4-dbad2920  admin_email=simsong+admin+test-5eb2@gmail.com admin_id=2453
DEBUG    root:db.py:111 register_email({"email": "demo+admin+test-309f@gmail.com", "course_key": "test-febf6671-96f0-4014-91f4-dbad2920", "name": "Plant Tracer Demo Account", "demo_user": 1, "args": []}) = {"id": 2454, "name": "Plant Tracer Demo Account", "email": "demo+admin+test-309f@gmail.com", "primary_course_id": 832, "created_at": 1746035458, "enabled": 1, "links_sent_without_acknowledgement": 0, "mtime": "2025-04-30 13:50:58", "demo": 1, "user_id": 2454, "course_id": 832} 
DEBUG    root:db.py:111 lookup_user({"email": "demo+admin+test-309f@gmail.com", "args": []}) = null 
DEBUG    root:db.py:111 make_new_api_key({"email": "demo+admin+test-309f@gmail.com"}) = {"api_key": "*****"} 
DEBUG    root:db.py:111 create_new_movie({"user_id": 2454, "title": "Demo Movie #1", "description": "Track this movie!", "args": []}) = 2891 
DEBUG    root:db.py:672 purge_movie_data movie_id=2891
DEBUG    root:db.py:111 purge_movie_data({"movie_id": 2891, "args": []}) = null 
DEBUG    root:db.py:660 purge_movie_frames movie_id=2891
DEBUG    root:db.py:111 purge_movie_frames({"movie_id": 2891, "args": []}) = null 
DEBUG    root:db.py:687 purge_movie_data movie_id=2891
DEBUG    root:db.py:111 purge_movie_zipfile({"movie_id": 2891, "args": []}) = null 
DEBUG    root:db.py:111 get_movie_metadata({"user_id": 0, "movie_id": 2891, "args": []}) = [{"movie_id": 2891, "title": "Demo Movie #1", "description": "Track this movie!", "created_at": 1746035458, "user_id": 2454, "course_id": 832, "published": 0, "deleted": 0, "date_uploaded": 1746035458, "mtime": "2025-04-30 13:50:58", "version": 1, "fps": null, "width": null, "height": null, "total_frames": null, "total_bytes": null, "status": null, "movie_data_urn": null, "movie_zipfile_urn": null, "tracked_movie_id": null}] 
DEBUG    root:db_object.py:105 make_urn urn=db://object_store/832/2891-7e5e.mov
INFO     root:db_object.py:187 write_object(db://object_store/832/2891-7e5e.mov,len=62805)
DEBUG    root:db.py:111 create_new_movie({"user_id": 2454, "title": "Demo Movie #2", "description": "Track this movie!", "args": []}) = 2892 
DEBUG    root:db.py:672 purge_movie_data movie_id=2892
DEBUG    root:db.py:111 purge_movie_data({"movie_id": 2892, "args": []}) = null 
DEBUG    root:db.py:660 purge_movie_frames movie_id=2892
DEBUG    root:db.py:111 purge_movie_frames({"movie_id": 2892, "args": []}) = null 
DEBUG    root:db.py:687 purge_movie_data movie_id=2892
DEBUG    root:db.py:111 purge_movie_zipfile({"movie_id": 2892, "args": []}) = null 
DEBUG    root:db.py:111 get_movie_metadata({"user_id": 0, "movie_id": 2892, "args": []}) = [{"movie_id": 2892, "title": "Demo Movie #2", "description": "Track this movie!", "created_at": 1746035458, "user_id": 2454, "course_id": 832, "published": 0, "deleted": 0, "date_uploaded": 1746035458, "mtime": "2025-04-30 13:50:58", "version": 1, "fps": null, "width": null, "height": null, "total_frames": null, "total_bytes": null, "status": null, "movie_data_urn": null, "movie_zipfile_urn": null, "tracked_movie_id": null}] 
DEBUG    root:db_object.py:105 make_urn urn=db://object_store/832/2892-fed1.mov
INFO     root:db_object.py:187 write_object(db://object_store/832/2892-fed1.mov,len=235944)
DEBUG    root:db.py:111 create_new_movie({"user_id": 2454, "title": "Demo Movie #3", "description": "Track this movie!", "args": []}) = 2893 
DEBUG    root:db.py:672 purge_movie_data movie_id=2893
DEBUG    root:db.py:111 purge_movie_data({"movie_id": 2893, "args": []}) = null 
DEBUG    root:db.py:660 purge_movie_frames movie_id=2893
DEBUG    root:db.py:111 purge_movie_frames({"movie_id": 2893, "args": []}) = null 
DEBUG    root:db.py:687 purge_movie_data movie_id=2893
DEBUG    root:db.py:111 purge_movie_zipfile({"movie_id": 2893, "args": []}) = null 
DEBUG    root:db.py:111 get_movie_metadata({"user_id": 0, "movie_id": 2893, "args": []}) = [{"movie_id": 2893, "title": "Demo Movie #3", "description": "Track this movie!", "created_at": 1746035458, "user_id": 2454, "course_id": 832, "published": 0, "deleted": 0, "date_uploaded": 1746035458, "mtime": "2025-04-30 13:50:58", "version": 1, "fps": null, "width": null, "height": null, "total_frames": null, "total_bytes": null, "status": null, "movie_data_urn": null, "movie_zipfile_urn": null, "tracked_movie_id": null}] 
DEBUG    root:db_object.py:105 make_urn urn=db://object_store/832/2893-31b4.mov
INFO     root:db_object.py:187 write_object(db://object_store/832/2893-31b4.mov,len=690774)
DEBUG    root:db.py:111 register_email({"email": "simsong+test-19fe00@gmail.com", "course_key": "test-febf6671-96f0-4014-91f4-dbad2920", "name": "Test User Name", "args": []}) = {"id": 2455, "name": "Test User Name", "email": "simsong+test-19fe00@gmail.com", "primary_course_id": 832, "created_at": 1746035458, "enabled": 1, "links_sent_without_acknowledgement": 0, "mtime": "2025-04-30 13:50:58", "demo": 0, "user_id": 2455, "course_id": 832} 
INFO     root:user_test.py:98 generated user_email=simsong+test-19fe00@gmail.com user_id=2455
DEBUG    root:db.py:111 lookup_user({"email": "simsong+test-19fe00@gmail.com", "args": []}) = null 
DEBUG    root:db.py:111 make_new_api_key({"email": "simsong+test-19fe00@gmail.com"}) = {"api_key": "*****"} 
-------------------------------- live log call ---------------------------------
DEBUG    root:db.py:111 validate_api_key({"args": ["51208af21952478cbeb085a9066c2b40"]}) = null 
DEBUG    root:db.py:178 validate_api_key(51208af21952478cbeb085a9066c2b40)=[OrderedDict({'id': 2455, 'user_id': 2455, 'api_key': '51208af21952478cbeb085a9066c2b40', 'first_used_at': None, 'last_used_at': None, 'created_at': 1746035458, 'use_count': 0, 'enabled': 1, 'mtime': datetime.datetime(2025, 4, 30, 13, 50, 58), 'name': 'Test User Name', 'email': 'simsong+test-19fe00@gmail.com', 'primary_course_id': 832, 'links_sent_without_acknowledgement': 0, 'demo': 0})] dbreader=<DBMySQLAuth host=localhost database=actions_test user=dbreader_actions_test prefix= debug=None>
PASSED                                                                   [ 38%]
------------------------------ live log teardown -------------------------------
DEBUG    root:db.py:111 delete_api_key({"args": ["51208af21952478cbeb085a9066c2b40"]}) = 1 
DEBUG    root:db.py:111 delete_user({"email": "simsong+test-19fe00@gmail.com", "args": []}) = null 
DEBUG    root:db.py:111 remove_course_admin({"email": "simsong+admin+test-5eb2@gmail.com", "course_key": "test-febf6671-96f0-4014-91f4-dbad2920", "args": []}) = null 
DEBUG    root:db.py:111 delete_user({"email": "simsong+admin+test-5eb2@gmail.com", "purge_movies": true, "args": []}) = null 
DEBUG    root:db.py:660 purge_movie_frames movie_id=2891
DEBUG    root:db.py:111 purge_movie_frames({"movie_id": 2891, "callback": "<function null_callback at 0x103b05c60>", "args": []}) = null 
DEBUG    root:db.py:672 purge_movie_data movie_id=2891
INFO     root:db_object.py:207 delete_object(db://object_store/832/2891-7e5e.mov)
DEBUG    root:db_object.py:209 urn=db://object_store/832/2891-7e5e.mov o=ParseResult(scheme='db', netloc='object_store', path='/832/2891-7e5e.mov', params='', query='', fragment='')
DEBUG    root:db.py:111 purge_movie_data({"movie_id": 2891, "callback": "<function null_callback at 0x103b05c60>", "args": []}) = null 
DEBUG    root:db.py:111 purge_movie({"movie_id": 2891, "args": []}) = null 
DEBUG    root:db.py:660 purge_movie_frames movie_id=2892
DEBUG    root:db.py:111 purge_movie_frames({"movie_id": 2892, "callback": "<function null_callback at 0x103b05c60>", "args": []}) = null 
DEBUG    root:db.py:672 purge_movie_data movie_id=2892
INFO     root:db_object.py:207 delete_object(db://object_store/832/2892-fed1.mov)
DEBUG    root:db_object.py:209 urn=db://object_store/832/2892-fed1.mov o=ParseResult(scheme='db', netloc='object_store', path='/832/2892-fed1.mov', params='', query='', fragment='')
[...]
DEBUG:root:register_email({"email": "simsong+admin+test-fad5@gmail.com", "course_key": "test-2f60c75a-dfe1-4c06-8a13-246c7a54", "name": "Dr. Admin", "args": []}) = {"id": 2456, "name": "Dr. Admin", "email": "simsong+admin+test-fad5@gmail.com", "primary_course_id": 833, "created_at": 1746035458, "enabled": 1, "links_sent_without_acknowledgement": 0, "mtime": "2025-04-30 13:50:58", "demo": 0, "user_id": 2456, "course_id": 833} 
DEBUG:root:lookup_user({"email": "simsong+admin+test-fad5@gmail.com", "args": []}) = null 
INFO:root:make_course_admin. email=simsong+admin+test-fad5@gmail.com user_id=2456
INFO:root:course_id=833
DEBUG:root:make_course_admin({"email": "simsong+admin+test-fad5@gmail.com", "course_key": "test-2f60c75a-dfe1-4c06-8a13-246c7a54", "args": []}) = {"user_id": 2456, "course_id": 833} 
INFO:root:generated course_key=test-2f60c75a-dfe1-4c06-8a13-246c7a54  admin_email=simsong+admin+test-fad5@gmail.com admin_id=2456
DEBUG:root:register_email({"email": "demo+admin+test-8a31@gmail.com", "course_key": "test-2f60c75a-dfe1-4c06-8a13-246c7a54", "name": "Plant Tracer Demo Account", "demo_user": 1, "args": []}) = {"id": 2457, "name": "Plant Tracer Demo Account", "email": "demo+admin+test-8a31@gmail.com", "primary_course_id": 833, "created_at": 1746035458, "enabled": 1, "links_sent_without_acknowledgement": 0, "mtime": "2025-04-30 13:50:58", "demo": 1, "user_id": 2457, "course_id": 833} 
DEBUG:root:lookup_user({"email": "demo+admin+test-8a31@gmail.com", "args": []}) = null 
DEBUG:root:make_new_api_key({"email": "demo+admin+test-8a31@gmail.com"}) = {"api_key": "*****"} 
DEBUG:root:create_new_movie({"user_id": 2457, "title": "Demo Movie #1", "description": "Track this movie!", "args": []}) = 2894 
DEBUG:root:purge_movie_data movie_id=2894
DEBUG:root:purge_movie_data({"movie_id": 2894, "args": []}) = null 
DEBUG:root:purge_movie_frames movie_id=2894
DEBUG:root:purge_movie_frames({"movie_id": 2894, "args": []}) = null 
DEBUG:root:purge_movie_data movie_id=2894
DEBUG:root:purge_movie_zipfile({"movie_id": 2894, "args": []}) = null 
DEBUG:root:get_movie_metadata({"user_id": 0, "movie_id": 2894, "args": []}) = [{"movie_id": 2894, "title": "Demo Movie #1", "description": "Track this movie!", "created_at": 1746035458, "user_id": 2457, "course_id": 833, "published": 0, "deleted": 0, "date_uploaded": 1746035458, "mtime": "2025-04-30 13:50:58", "version": 1, "fps": null, "width": null, "height": null, "total_frames": null, "total_bytes": null, "status": null, "movie_data_urn": null, "movie_zipfile_urn": null, "tracked_movie_id": null}] 
DEBUG:root:make_urn urn=db://object_store/833/2894-da86.mov
INFO:root:write_object(db://object_store/833/2894-da86.mov,len=62805)
DEBUG:root:create_new_movie({"user_id": 2457, "title": "Demo Movie #2", "description": "Track this movie!", "args": []}) = 2895 
DEBUG:root:purge_movie_data movie_id=2895
DEBUG:root:purge_movie_data({"movie_id": 2895, "args": []}) = null 
DEBUG:root:purge_movie_frames movie_id=2895
DEBUG:root:purge_movie_frames({"movie_id": 2895, "args": []}) = null 
DEBUG:root:purge_movie_data movie_id=2895
DEBUG:root:purge_movie_zipfile({"movie_id": 2895, "args": []}) = null 
DEBUG:root:get_movie_metadata({"user_id": 0, "movie_id": 2895, "args": []}) = [{"movie_id": 2895, "title": "Demo Movie #2", "description": "Track this movie!", "created_at": 1746035458, "user_id": 2457, "course_id": 833, "published": 0, "deleted": 0, "date_uploaded": 1746035458, "mtime": "2025-04-30 13:50:58", "version": 1, "fps": null, "width": null, "height": null, "total_frames": null, "total_bytes": null, "status": null, "movie_data_urn": null, "movie_zipfile_urn": null, "tracked_movie_id": null}] 
DEBUG:root:make_urn urn=db://object_store/833/2895-5603.mov
INFO:root:write_object(db://object_store/833/2895-5603.mov,len=235944)
DEBUG:root:create_new_movie({"user_id": 2457, "title": "Demo Movie #3", "description": "Track this movie!", "args": []}) = 2896 
DEBUG:root:purge_movie_data movie_id=2896
DEBUG:root:purge_movie_data({"movie_id": 2896, "args": []}) = null 
DEBUG:root:purge_movie_frames movie_id=2896
DEBUG:root:purge_movie_frames({"movie_id": 2896, "args": []}) = null 
DEBUG:root:purge_movie_data movie_id=2896
DEBUG:root:purge_movie_zipfile({"movie_id": 2896, "args": []}) = null 
DEBUG:root:get_movie_metadata({"user_id": 0, "movie_id": 2896, "args": []}) = [{"movie_id": 2896, "title": "Demo Movie #3", "description": "Track this movie!", "created_at": 1746035458, "user_id": 2457, "course_id": 833, "published": 0, "deleted": 0, "date_uploaded": 1746035458, "mtime": "2025-04-30 13:50:58", "version": 1, "fps": null, "width": null, "height": null, "total_frames": null, "total_bytes": null, "status": null, "movie_data_urn": null, "movie_zipfile_urn": null, "tracked_movie_id": null}] 
DEBUG:root:make_urn urn=db://object_store/833/2896-50a7.mov
INFO:root:write_object(db://object_store/833/2896-50a7.mov,len=690774)
DEBUG:root:register_email({"email": "simsong+test-83e9e2@gmail.com", "course_key": "test-2f60c75a-dfe1-4c06-8a13-246c7a54", "name": "Test User Name", "args": []}) = {"id": 2458, "name": "Test User Name", "email": "simsong+test-83e9e2@gmail.com", "primary_course_id": 833, "created_at": 1746035458, "enabled": 1, "links_sent_without_acknowledgement": 0, "mtime": "2025-04-30 13:50:58", "demo": 0, "user_id": 2458, "course_id": 833} 
INFO:root:generated user_email=simsong+test-83e9e2@gmail.com user_id=2458
DEBUG:root:lookup_user({"email": "simsong+test-83e9e2@gmail.com", "args": []}) = null 
DEBUG:root:make_new_api_key({"email": "simsong+test-83e9e2@gmail.com"}) = {"api_key": "*****"} 
------------------------------ Captured log setup ------------------------------
DEBUG    root:db.py:111 create_course({"course_key": "test-2f60c75a-dfe1-4c06-8a13-246c7a54", "course_name": "test-test-2f60c75a-dfe1-4c06-8a13-246c7a54 course name", "max_enrollment": 10, "args": []}) = {"course_id": 833} 
DEBUG    root:db.py:111 register_email({"email": "simsong+admin+test-fad5@gmail.com", "course_key": "test-2f60c75a-dfe1-4c06-8a13-246c7a54", "name": "Dr. Admin", "args": []}) = {"id": 2456, "name": "Dr. Admin", "email": "simsong+admin+test-fad5@gmail.com", "primary_course_id": 833, "created_at": 1746035458, "enabled": 1, "links_sent_without_acknowledgement": 0, "mtime": "2025-04-30 13:50:58", "demo": 0, "user_id": 2456, "course_id": 833} 
DEBUG    root:db.py:111 lookup_user({"email": "simsong+admin+test-fad5@gmail.com", "args": []}) = null 
INFO     root:db.py:464 make_course_admin. email=simsong+admin+test-fad5@gmail.com user_id=2456
INFO     root:db.py:469 course_id=833
DEBUG    root:db.py:111 make_course_admin({"email": "simsong+admin+test-fad5@gmail.com", "course_key": "test-2f60c75a-dfe1-4c06-8a13-246c7a54", "args": []}) = {"user_id": 2456, "course_id": 833} 
INFO     root:dbmaint.py:261 generated course_key=test-2f60c75a-dfe1-4c06-8a13-246c7a54  admin_email=simsong+admin+test-fad5@gmail.com admin_id=2456
DEBUG    root:db.py:111 register_email({"email": "demo+admin+test-8a31@gmail.com", "course_key": "test-2f60c75a-dfe1-4c06-8a13-246c7a54", "name": "Plant Tracer Demo Account", "demo_user": 1, "args": []}) = {"id": 2457, "name": "Plant Tracer Demo Account", "email": "demo+admin+test-8a31@gmail.com", "primary_course_id": 833, "created_at": 1746035458, "enabled": 1, "links_sent_without_acknowledgement": 0, "mtime": "2025-04-30 13:50:58", "demo": 1, "user_id": 2457, "course_id": 833} 
DEBUG    root:db.py:111 lookup_user({"email": "demo+admin+test-8a31@gmail.com", "args": []}) = null 
DEBUG    root:db.py:111 make_new_api_key({"email": "demo+admin+test-8a31@gmail.com"}) = {"api_key": "*****"} 
DEBUG    root:db.py:111 create_new_movie({"user_id": 2457, "title": "Demo Movie #1", "description": "Track this movie!", "args": []}) = 2894 
DEBUG    root:db.py:672 purge_movie_data movie_id=2894
DEBUG    root:db.py:111 purge_movie_data({"movie_id": 2894, "args": []}) = null 
DEBUG    root:db.py:660 purge_movie_frames movie_id=2894
DEBUG    root:db.py:111 purge_movie_frames({"movie_id": 2894, "args": []}) = null 
DEBUG    root:db.py:687 purge_movie_data movie_id=2894
DEBUG    root:db.py:111 purge_movie_zipfile({"movie_id": 2894, "args": []}) = null 
DEBUG    root:db.py:111 get_movie_metadata({"user_id": 0, "movie_id": 2894, "args": []}) = [{"movie_id": 2894, "title": "Demo Movie #1", "description": "Track this movie!", "created_at": 1746035458, "user_id": 2457, "course_id": 833, "published": 0, "deleted": 0, "date_uploaded": 1746035458, "mtime": "2025-04-30 13:50:58", "version": 1, "fps": null, "width": null, "height": null, "total_frames": null, "total_bytes": null, "status": null, "movie_data_urn": null, "movie_zipfile_urn": null, "tracked_movie_id": null}] 
DEBUG    root:db_object.py:105 make_urn urn=db://object_store/833/2894-da86.mov
INFO     root:db_object.py:187 write_object(db://object_store/833/2894-da86.mov,len=62805)
DEBUG    root:db.py:111 create_new_movie({"user_id": 2457, "title": "Demo Movie #2", "description": "Track this movie!", "args": []}) = 2895 
DEBUG    root:db.py:672 purge_movie_data movie_id=2895
DEBUG    root:db.py:111 purge_movie_data({"movie_id": 2895, "args": []}) = null 
DEBUG    root:db.py:660 purge_movie_frames movie_id=2895
DEBUG    root:db.py:111 purge_movie_frames({"movie_id": 2895, "args": []}) = null 
DEBUG    root:db.py:687 purge_movie_data movie_id=2895
DEBUG    root:db.py:111 purge_movie_zipfile({"movie_id": 2895, "args": []}) = null 
DEBUG    root:db.py:111 get_movie_metadata({"user_id": 0, "movie_id": 2895, "args": []}) = [{"movie_id": 2895, "title": "Demo Movie #2", "description": "Track this movie!", "created_at": 1746035458, "user_id": 2457, "course_id": 833, "published": 0, "deleted": 0, "date_uploaded": 1746035458, "mtime": "2025-04-30 13:50:58", "version": 1, "fps": null, "width": null, "height": null, "total_frames": null, "total_bytes": null, "status": null, "movie_data_urn": null, "movie_zipfile_urn": null, "tracked_movie_id": null}] 
DEBUG    root:db_object.py:105 make_urn urn=db://object_store/833/2895-5603.mov
INFO     root:db_object.py:187 write_object(db://object_store/833/2895-5603.mov,len=235944)
DEBUG    root:db.py:111 create_new_movie({"user_id": 2457, "title": "Demo Movie #3", "description": "Track this movie!", "args": []}) = 2896 
DEBUG    root:db.py:672 purge_movie_data movie_id=2896
DEBUG    root:db.py:111 purge_movie_data({"movie_id": 2896, "args": []}) = null 
DEBUG    root:db.py:660 purge_movie_frames movie_id=2896
DEBUG    root:db.py:111 purge_movie_frames({"movie_id": 2896, "args": []}) = null 
DEBUG    root:db.py:687 purge_movie_data movie_id=2896
DEBUG    root:db.py:111 purge_movie_zipfile({"movie_id": 2896, "args": []}) = null 
DEBUG    root:db.py:111 get_movie_metadata({"user_id": 0, "movie_id": 2896, "args": []}) = [{"movie_id": 2896, "title": "Demo Movie #3", "description": "Track this movie!", "created_at": 1746035458, "user_id": 2457, "course_id": 833, "published": 0, "deleted": 0, "date_uploaded": 1746035458, "mtime": "2025-04-30 13:50:58", "version": 1, "fps": null, "width": null, "height": null, "total_frames": null, "total_bytes": null, "status": null, "movie_data_urn": null, "movie_zipfile_urn": null, "tracked_movie_id": null}] 
DEBUG    root:db_object.py:105 make_urn urn=db://object_store/833/2896-50a7.mov
INFO     root:db_object.py:187 write_object(db://object_store/833/2896-50a7.mov,len=690774)
DEBUG    root:db.py:111 register_email({"email": "simsong+test-83e9e2@gmail.com", "course_key": "test-2f60c75a-dfe1-4c06-8a13-246c7a54", "name": "Test User Name", "args": []}) = {"id": 2458, "name": "Test User Name", "email": "simsong+test-83e9e2@gmail.com", "primary_course_id": 833, "created_at": 1746035458, "enabled": 1, "links_sent_without_acknowledgement": 0, "mtime": "2025-04-30 13:50:58", "demo": 0, "user_id": 2458, "course_id": 833} 
INFO     root:user_test.py:98 generated user_email=simsong+test-83e9e2@gmail.com user_id=2458
DEBUG    root:db.py:111 lookup_user({"email": "simsong+test-83e9e2@gmail.com", "args": []}) = null 
DEBUG    root:db.py:111 make_new_api_key({"email": "simsong+test-83e9e2@gmail.com"}) = {"api_key": "*****"}
----------------------------- Captured stderr call -----------------------------
DEBUG:root:validate_api_key({"args": ["94de7cf55cbf4603a1abb626b07c7155"]}) = null 
DEBUG:root:validate_api_key(94de7cf55cbf4603a1abb626b07c7155)=[OrderedDict({'id': 2458, 'user_id': 2458, 'api_key': '94de7cf55cbf4603a1abb626b07c7155', 'first_used_at': None, 'last_used_at': None, 'created_at': 1746035458, 'use_count': 0, 'enabled': 1, 'mtime': datetime.datetime(2025, 4, 30, 13, 50, 58), 'name': 'Test User Name', 'email': 'simsong+test-83e9e2@gmail.com', 'primary_course_id': 833, 'links_sent_without_acknowledgement': 0, 'demo': 0})] dbreader=<DBMySQLAuth host=localhost database=actions_test user=dbreader_actions_test prefix= debug=None>
DEBUG:root:check_course_admin({"course_id": 833, "user_id": 2458, "args": []}) = false 
DEBUG:root:r.json={'error': True, 'message': 'User is not authorized to manipulate course.'}
------------------------------ Captured log call -------------------------------
DEBUG    root:db.py:111 validate_api_key({"args": ["94de7cf55cbf4603a1abb626b07c7155"]}) = null 
DEBUG    root:db.py:178 validate_api_key(94de7cf55cbf4603a1abb626b07c7155)=[OrderedDict({'id': 2458, 'user_id': 2458, 'api_key': '94de7cf55cbf4603a1abb626b07c7155', 'first_used_at': None, 'last_used_at': None, 'created_at': 1746035458, 'use_count': 0, 'enabled': 1, 'mtime': datetime.datetime(2025, 4, 30, 13, 50, 58), 'name': 'Test User Name', 'email': 'simsong+test-83e9e2@gmail.com', 'primary_course_id': 833, 'links_sent_without_acknowledgement': 0, 'demo': 0})] dbreader=<DBMySQLAuth host=localhost database=actions_test user=dbreader_actions_test prefix= debug=None>
DEBUG    root:db.py:111 check_course_admin({"course_id": 833, "user_id": 2458, "args": []}) = false 
DEBUG    root:endpoint_test.py:91 r.json={'error': True, 'message': 'User is not authorized to manipulate course.'}
--------------------------- Captured stderr teardown ---------------------------
DEBUG:root:delete_api_key({"args": ["94de7cf55cbf4603a1abb626b07c7155"]}) = 1 
DEBUG:root:delete_user({"email": "simsong+test-83e9e2@gmail.com", "args": []}) = null 
DEBUG:root:remove_course_admin({"email": "simsong+admin+test-fad5@gmail.com", "course_key": "test-2f60c75a-dfe1-4c06-8a13-246c7a54", "args": []}) = null 
DEBUG:root:delete_user({"email": "simsong+admin+test-fad5@gmail.com", "purge_movies": true, "args": []}) = null 
DEBUG:root:purge_movie_frames movie_id=2894
DEBUG:root:purge_movie_frames({"movie_id": 2894, "callback": "<function null_callback at 0x103b05c60>", "args": []}) = null 
DEBUG:root:purge_movie_data movie_id=2894
INFO:root:delete_object(db://object_store/833/2894-da86.mov)
DEBUG:root:urn=db://object_store/833/2894-da86.mov o=ParseResult(scheme='db', netloc='object_store', path='/833/2894-da86.mov', params='', query='', fragment='')
DEBUG:root:purge_movie_data({"movie_id": 2894, "callback": "<function null_callback at 0x103b05c60>", "args": []}) = null 
DEBUG:root:purge_movie({"movie_id": 2894, "args": []}) = null 
DEBUG:root:purge_movie_frames movie_id=2895
DEBUG:root:purge_movie_frames({"movie_id": 2895, "callback": "<function null_callback at 0x103b05c60>", "args": []}) = null 
DEBUG:root:purge_movie_data movie_id=2895
INFO:root:delete_object(db://object_store/833/2895-5603.mov)
DEBUG:root:urn=db://object_store/833/2895-5603.mov o=ParseResult(scheme='db', netloc='object_store', path='/833/2895-5603.mov', params='', query='', fragment='')
DEBUG:root:purge_movie_data({"movie_id": 2895, "callback": "<function null_callback at 0x103b05c60>", "args": []}) = null 
DEBUG:root:purge_movie({"movie_id": 2895, "args": []}) = null 
DEBUG:root:purge_movie_frames movie_id=2896
DEBUG:root:purge_movie_frames({"movie_id": 2896, "callback": "<function null_callback at 0x103b05c60>", "args": []}) = null 
DEBUG:root:purge_movie_data movie_id=2896
INFO:root:delete_object(db://object_store/833/2896-50a7.mov)
DEBUG:root:urn=db://object_store/833/2896-50a7.mov o=ParseResult(scheme='db', netloc='object_store', path='/833/2896-50a7.mov', params='', query='', fragment='')
DEBUG:root:purge_movie_data({"movie_id": 2896, "callback": "<function null_callback at 0x103b05c60>", "args": []}) = null 
DEBUG:root:purge_movie({"movie_id": 2896, "args": []}) = null 
DEBUG:root:delete_user({"email": "demo+admin+test-8a31@gmail.com", "purge_movies": true, "args": []}) = null 
DEBUG:root:delete_course({"course_key": "test-2f60c75a-dfe1-4c06-8a13-246c7a54", "args": []}) = 1 
---------------------------- Captured log teardown -----------------------------
DEBUG    root:db.py:111 delete_api_key({"args": ["94de7cf55cbf4603a1abb626b07c7155"]}) = 1 
DEBUG    root:db.py:111 delete_user({"email": "simsong+test-83e9e2@gmail.com", "args": []}) = null 
DEBUG    root:db.py:111 remove_course_admin({"email": "simsong+admin+test-fad5@gmail.com", "course_key": "test-2f60c75a-dfe1-4c06-8a13-246c7a54", "args": []}) = null 
DEBUG    root:db.py:111 delete_user({"email": "simsong+admin+test-fad5@gmail.com", "purge_movies": true, "args": []}) = null 
DEBUG    root:db.py:660 purge_movie_frames movie_id=2894
DEBUG    root:db.py:111 purge_movie_frames({"movie_id": 2894, "callback": "<function null_callback at 0x103b05c60>", "args": []}) = null 
DEBUG    root:db.py:672 purge_movie_data movie_id=2894
INFO     root:db_object.py:207 delete_object(db://object_store/833/2894-da86.mov)
DEBUG    root:db_object.py:209 urn=db://object_store/833/2894-da86.mov o=ParseResult(scheme='db', netloc='object_store', path='/833/2894-da86.mov', params='', query='', fragment='')
DEBUG    root:db.py:111 purge_movie_data({"movie_id": 2894, "callback": "<function null_callback at 0x103b05c60>", "args": []}) = null 
DEBUG    root:db.py:111 purge_movie({"movie_id": 2894, "args": []}) = null 
DEBUG    root:db.py:660 purge_movie_frames movie_id=2895
DEBUG    root:db.py:111 purge_movie_frames({"movie_id": 2895, "callback": "<function null_callback at 0x103b05c60>", "args": []}) = null 
DEBUG    root:db.py:672 purge_movie_data movie_id=2895
INFO     root:db_object.py:207 delete_object(db://object_store/833/2895-5603.mov)
DEBUG    root:db_object.py:209 urn=db://object_store/833/2895-5603.mov o=ParseResult(scheme='db', netloc='object_store', path='/833/2895-5603.mov', params='', query='', fragment='')
DEBUG    root:db.py:111 purge_movie_data({"movie_id": 2895, "callback": "<function null_callback at 0x103b05c60>", "args": []}) = null 
DEBUG    root:db.py:111 purge_movie({"movie_id": 2895, "args": []}) = null 
DEBUG    root:db.py:660 purge_movie_frames movie_id=2896
DEBUG    root:db.py:111 purge_movie_frames({"movie_id": 2896, "callback": "<function null_callback at 0x103b05c60>", "args": []}) = null 
DEBUG    root:db.py:672 purge_movie_data movie_id=2896
INFO     root:db_object.py:207 delete_object(db://object_store/833/2896-50a7.mov)
DEBUG    root:db_object.py:209 urn=db://object_store/833/2896-50a7.mov o=ParseResult(scheme='db', netloc='object_store', path='/833/2896-50a7.mov', params='', query='', fragment='')
DEBUG    root:db.py:111 purge_movie_data({"movie_id": 2896, "callback": "<function null_callback at 0x103b05c60>", "args": []}) = null 
DEBUG    root:db.py:111 purge_movie({"movie_id": 2896, "args": []}) = null 
DEBUG    root:db.py:111 delete_user({"email": "demo+admin+test-8a31@gmail.com", "purge_movies": true, "args": []}) = null 
DEBUG    root:db.py:111 delete_course({"course_key": "test-2f60c75a-dfe1-4c06-8a13-246c7a54", "args": []}) = 1
=========================== short test summary info ============================
FAILED tests/endpoint_test.py::test_bulk_register_success - assert True is False
=================== 1 failed, 41 passed, 8 skipped in 4.94s ====================
